2024-05-30 13:51:23,442 [Worker-5] INFO  c.g.t.t.d.PublishedGradleVersions - Gradle version information cache is up-to-date. Trying to read.
2024-05-30 13:52:18,239 [Worker-11] INFO  o.e.m.c.i.p.ProjectConfigurationManager - Collecting project info '/pom.xml' C:\Users\Training1\Desktop\Assignment1\assignment1\pom.xml
2024-05-30 13:52:32,638 [Worker-11] INFO  o.e.m.c.i.l.LifecycleMappingFactory - Using org.eclipse.m2e.jdt.JarLifecycleMapping lifecycle mapping for MavenProject: employee:assignment1:0.0.1-SNAPSHOT @ C:\Users\Training1\Desktop\Assignment1\assignment1\pom.xml.
2024-05-30 13:52:37,465 [Worker-11] INFO  o.e.m.j.i.AbstractJavaProjectConfigurator - Adding source folder /assignment1/src/main/java
2024-05-30 13:52:37,529 [Worker-11] INFO  o.e.m.j.i.AbstractJavaProjectConfigurator - Adding source folder /assignment1/src/test/java
2024-05-30 13:52:39,320 [Worker-11] INFO  o.e.m.c.i.p.ProjectConfigurationManager - Imported and configured 1 project(s) in 21 sec
2024-05-30 13:52:41,167 [Worker-2] INFO  o.e.m.c.i.embedder.EclipseLogger - Using 'UTF-8' encoding to copy filtered resources.
2024-05-30 13:52:41,167 [Worker-2] INFO  o.e.m.c.i.embedder.EclipseLogger - skip non existing resourceDirectory C:\Users\Training1\Desktop\Assignment1\assignment1\src\main\resources
2024-05-30 13:52:41,183 [Worker-2] INFO  o.e.m.c.i.embedder.EclipseLogger - Using 'UTF-8' encoding to copy filtered resources.
2024-05-30 13:52:41,183 [Worker-2] INFO  o.e.m.c.i.embedder.EclipseLogger - skip non existing resourceDirectory C:\Users\Training1\Desktop\Assignment1\assignment1\src\test\resources
2024-05-30 13:53:38,585 [Worker-14] INFO  o.e.m.c.i.embedder.EclipseLogger - Using 'UTF-8' encoding to copy filtered resources.
2024-05-30 13:53:38,585 [Worker-14] INFO  o.e.m.c.i.embedder.EclipseLogger - skip non existing resourceDirectory C:\Users\Training1\Desktop\Assignment1\assignment1\src\main\resources
2024-05-30 13:53:38,585 [Worker-14] INFO  o.e.m.c.i.embedder.EclipseLogger - Using 'UTF-8' encoding to copy filtered resources.
2024-05-30 13:53:38,585 [Worker-14] INFO  o.e.m.c.i.embedder.EclipseLogger - skip non existing resourceDirectory C:\Users\Training1\Desktop\Assignment1\assignment1\src\test\resources
2024-05-30 13:53:50,671 [Worker-11] INFO  o.e.m.c.i.embedder.EclipseLogger - Using 'UTF-8' encoding to copy filtered resources.
2024-05-30 13:53:50,671 [Worker-11] INFO  o.e.m.c.i.embedder.EclipseLogger - skip non existing resourceDirectory C:\Users\Training1\Desktop\Assignment1\assignment1\src\main\resources
2024-05-30 13:53:50,671 [Worker-11] INFO  o.e.m.c.i.embedder.EclipseLogger - Using 'UTF-8' encoding to copy filtered resources.
2024-05-30 13:53:50,671 [Worker-11] INFO  o.e.m.c.i.embedder.EclipseLogger - skip non existing resourceDirectory C:\Users\Training1\Desktop\Assignment1\assignment1\src\test\resources
2024-05-30 13:53:51,836 [Worker-14] INFO  o.e.m.c.i.embedder.EclipseLogger - Using 'UTF-8' encoding to copy filtered resources.
2024-05-30 13:53:51,836 [Worker-14] INFO  o.e.m.c.i.embedder.EclipseLogger - skip non existing resourceDirectory C:\Users\Training1\Desktop\Assignment1\assignment1\src\main\resources
2024-05-30 13:53:51,844 [Worker-14] INFO  o.e.m.c.i.embedder.EclipseLogger - Using 'UTF-8' encoding to copy filtered resources.
2024-05-30 13:53:51,844 [Worker-14] INFO  o.e.m.c.i.embedder.EclipseLogger - skip non existing resourceDirectory C:\Users\Training1\Desktop\Assignment1\assignment1\src\test\resources
2024-05-30 13:54:02,845 [Worker-15] INFO  o.e.m.c.i.embedder.EclipseLogger - Using 'UTF-8' encoding to copy filtered resources.
2024-05-30 13:54:02,845 [Worker-15] INFO  o.e.m.c.i.embedder.EclipseLogger - skip non existing resourceDirectory C:\Users\Training1\Desktop\Assignment1\assignment1\src\main\resources
2024-05-30 13:54:02,861 [Worker-15] INFO  o.e.m.c.i.embedder.EclipseLogger - Using 'UTF-8' encoding to copy filtered resources.
2024-05-30 13:54:02,861 [Worker-15] INFO  o.e.m.c.i.embedder.EclipseLogger - skip non existing resourceDirectory C:\Users\Training1\Desktop\Assignment1\assignment1\src\test\resources
2024-05-30 13:54:31,953 [Worker-1] INFO  o.e.m.c.i.embedder.EclipseLogger - Using 'UTF-8' encoding to copy filtered resources.
2024-05-30 13:54:31,953 [Worker-1] INFO  o.e.m.c.i.embedder.EclipseLogger - skip non existing resourceDirectory C:\Users\Training1\Desktop\Assignment1\assignment1\src\main\resources
2024-05-30 13:54:31,953 [Worker-1] INFO  o.e.m.c.i.embedder.EclipseLogger - Using 'UTF-8' encoding to copy filtered resources.
2024-05-30 13:54:31,953 [Worker-1] INFO  o.e.m.c.i.embedder.EclipseLogger - skip non existing resourceDirectory C:\Users\Training1\Desktop\Assignment1\assignment1\src\test\resources
2024-05-30 13:55:56,057 [Worker-11] INFO  o.e.m.c.i.embedder.EclipseLogger - Using 'UTF-8' encoding to copy filtered resources.
2024-05-30 13:55:56,057 [Worker-11] INFO  o.e.m.c.i.embedder.EclipseLogger - skip non existing resourceDirectory C:\Users\Training1\Desktop\Assignment1\assignment1\src\main\resources
2024-05-30 13:55:56,057 [Worker-11] INFO  o.e.m.c.i.embedder.EclipseLogger - Using 'UTF-8' encoding to copy filtered resources.
2024-05-30 13:55:56,057 [Worker-11] INFO  o.e.m.c.i.embedder.EclipseLogger - skip non existing resourceDirectory C:\Users\Training1\Desktop\Assignment1\assignment1\src\test\resources
2024-05-30 13:56:33,652 [Worker-11] INFO  o.e.m.c.i.embedder.EclipseLogger - Using 'UTF-8' encoding to copy filtered resources.
2024-05-30 13:56:33,652 [Worker-11] INFO  o.e.m.c.i.embedder.EclipseLogger - skip non existing resourceDirectory C:\Users\Training1\Desktop\Assignment1\assignment1\src\main\resources
2024-05-30 13:56:33,652 [Worker-11] INFO  o.e.m.c.i.embedder.EclipseLogger - Using 'UTF-8' encoding to copy filtered resources.
2024-05-30 13:56:33,652 [Worker-11] INFO  o.e.m.c.i.embedder.EclipseLogger - skip non existing resourceDirectory C:\Users\Training1\Desktop\Assignment1\assignment1\src\test\resources
2024-05-30 13:56:46,718 [Worker-1] INFO  o.e.m.c.i.embedder.EclipseLogger - Using 'UTF-8' encoding to copy filtered resources.
2024-05-30 13:56:46,718 [Worker-1] INFO  o.e.m.c.i.embedder.EclipseLogger - skip non existing resourceDirectory C:\Users\Training1\Desktop\Assignment1\assignment1\src\main\resources
2024-05-30 13:56:46,734 [Worker-1] INFO  o.e.m.c.i.embedder.EclipseLogger - Using 'UTF-8' encoding to copy filtered resources.
2024-05-30 13:56:46,734 [Worker-1] INFO  o.e.m.c.i.embedder.EclipseLogger - skip non existing resourceDirectory C:\Users\Training1\Desktop\Assignment1\assignment1\src\test\resources
2024-05-30 13:57:02,235 [Worker-14] INFO  o.e.m.c.i.embedder.EclipseLogger - Using 'UTF-8' encoding to copy filtered resources.
2024-05-30 13:57:02,235 [Worker-14] INFO  o.e.m.c.i.embedder.EclipseLogger - skip non existing resourceDirectory C:\Users\Training1\Desktop\Assignment1\assignment1\src\main\resources
2024-05-30 13:57:02,235 [Worker-14] INFO  o.e.m.c.i.embedder.EclipseLogger - Using 'UTF-8' encoding to copy filtered resources.
2024-05-30 13:57:02,235 [Worker-14] INFO  o.e.m.c.i.embedder.EclipseLogger - skip non existing resourceDirectory C:\Users\Training1\Desktop\Assignment1\assignment1\src\test\resources
2024-05-30 13:58:46,859 [Worker-13] INFO  o.e.m.c.i.embedder.EclipseLogger - Using 'UTF-8' encoding to copy filtered resources.
2024-05-30 13:58:46,859 [Worker-13] INFO  o.e.m.c.i.embedder.EclipseLogger - skip non existing resourceDirectory C:\Users\Training1\Desktop\Assignment1\assignment1\src\main\resources
2024-05-30 13:58:46,859 [Worker-13] INFO  o.e.m.c.i.embedder.EclipseLogger - Using 'UTF-8' encoding to copy filtered resources.
2024-05-30 13:58:46,859 [Worker-13] INFO  o.e.m.c.i.embedder.EclipseLogger - skip non existing resourceDirectory C:\Users\Training1\Desktop\Assignment1\assignment1\src\test\resources
2024-05-30 13:58:57,161 [Worker-9] INFO  o.e.m.c.i.embedder.EclipseLogger - Using 'UTF-8' encoding to copy filtered resources.
2024-05-30 13:58:57,161 [Worker-9] INFO  o.e.m.c.i.embedder.EclipseLogger - skip non existing resourceDirectory C:\Users\Training1\Desktop\Assignment1\assignment1\src\main\resources
2024-05-30 13:58:57,161 [Worker-9] INFO  o.e.m.c.i.embedder.EclipseLogger - Using 'UTF-8' encoding to copy filtered resources.
2024-05-30 13:58:57,161 [Worker-9] INFO  o.e.m.c.i.embedder.EclipseLogger - skip non existing resourceDirectory C:\Users\Training1\Desktop\Assignment1\assignment1\src\test\resources
2024-05-30 13:59:19,812 [Worker-8] INFO  o.e.m.c.i.embedder.EclipseLogger - Using 'UTF-8' encoding to copy filtered resources.
2024-05-30 13:59:19,812 [Worker-8] INFO  o.e.m.c.i.embedder.EclipseLogger - skip non existing resourceDirectory C:\Users\Training1\Desktop\Assignment1\assignment1\src\main\resources
2024-05-30 13:59:19,812 [Worker-8] INFO  o.e.m.c.i.embedder.EclipseLogger - Using 'UTF-8' encoding to copy filtered resources.
2024-05-30 13:59:19,812 [Worker-8] INFO  o.e.m.c.i.embedder.EclipseLogger - skip non existing resourceDirectory C:\Users\Training1\Desktop\Assignment1\assignment1\src\test\resources
2024-05-30 13:59:26,017 [Worker-10] INFO  o.e.m.c.i.embedder.EclipseLogger - Using 'UTF-8' encoding to copy filtered resources.
2024-05-30 13:59:26,017 [Worker-10] INFO  o.e.m.c.i.embedder.EclipseLogger - skip non existing resourceDirectory C:\Users\Training1\Desktop\Assignment1\assignment1\src\main\resources
2024-05-30 13:59:26,017 [Worker-10] INFO  o.e.m.c.i.embedder.EclipseLogger - Using 'UTF-8' encoding to copy filtered resources.
2024-05-30 13:59:26,017 [Worker-10] INFO  o.e.m.c.i.embedder.EclipseLogger - skip non existing resourceDirectory C:\Users\Training1\Desktop\Assignment1\assignment1\src\test\resources
2024-05-30 13:59:29,558 [Worker-13] INFO  o.e.m.c.i.embedder.EclipseLogger - Using 'UTF-8' encoding to copy filtered resources.
2024-05-30 13:59:29,558 [Worker-13] INFO  o.e.m.c.i.embedder.EclipseLogger - skip non existing resourceDirectory C:\Users\Training1\Desktop\Assignment1\assignment1\src\main\resources
2024-05-30 13:59:29,574 [Worker-13] INFO  o.e.m.c.i.embedder.EclipseLogger - Using 'UTF-8' encoding to copy filtered resources.
2024-05-30 13:59:29,574 [Worker-13] INFO  o.e.m.c.i.embedder.EclipseLogger - skip non existing resourceDirectory C:\Users\Training1\Desktop\Assignment1\assignment1\src\test\resources
2024-05-30 13:59:43,797 [Worker-13] INFO  o.e.m.c.i.embedder.EclipseLogger - Using 'UTF-8' encoding to copy filtered resources.
2024-05-30 13:59:43,797 [Worker-13] INFO  o.e.m.c.i.embedder.EclipseLogger - skip non existing resourceDirectory C:\Users\Training1\Desktop\Assignment1\assignment1\src\main\resources
2024-05-30 13:59:43,797 [Worker-13] INFO  o.e.m.c.i.embedder.EclipseLogger - Using 'UTF-8' encoding to copy filtered resources.
2024-05-30 13:59:43,797 [Worker-13] INFO  o.e.m.c.i.embedder.EclipseLogger - skip non existing resourceDirectory C:\Users\Training1\Desktop\Assignment1\assignment1\src\test\resources
2024-05-30 13:59:50,313 [Worker-13] INFO  o.e.m.c.i.embedder.EclipseLogger - Using 'UTF-8' encoding to copy filtered resources.
2024-05-30 13:59:50,313 [Worker-13] INFO  o.e.m.c.i.embedder.EclipseLogger - skip non existing resourceDirectory C:\Users\Training1\Desktop\Assignment1\assignment1\src\main\resources
2024-05-30 13:59:50,313 [Worker-13] INFO  o.e.m.c.i.embedder.EclipseLogger - Using 'UTF-8' encoding to copy filtered resources.
2024-05-30 13:59:50,313 [Worker-13] INFO  o.e.m.c.i.embedder.EclipseLogger - skip non existing resourceDirectory C:\Users\Training1\Desktop\Assignment1\assignment1\src\test\resources
2024-05-30 13:59:56,826 [Worker-3] INFO  o.e.m.c.i.embedder.EclipseLogger - Using 'UTF-8' encoding to copy filtered resources.
2024-05-30 13:59:56,826 [Worker-3] INFO  o.e.m.c.i.embedder.EclipseLogger - skip non existing resourceDirectory C:\Users\Training1\Desktop\Assignment1\assignment1\src\main\resources
2024-05-30 13:59:56,826 [Worker-3] INFO  o.e.m.c.i.embedder.EclipseLogger - Using 'UTF-8' encoding to copy filtered resources.
2024-05-30 13:59:56,826 [Worker-3] INFO  o.e.m.c.i.embedder.EclipseLogger - skip non existing resourceDirectory C:\Users\Training1\Desktop\Assignment1\assignment1\src\test\resources
2024-05-30 14:00:11,577 [Worker-7] INFO  o.e.m.c.i.embedder.EclipseLogger - Using 'UTF-8' encoding to copy filtered resources.
2024-05-30 14:00:11,577 [Worker-7] INFO  o.e.m.c.i.embedder.EclipseLogger - skip non existing resourceDirectory C:\Users\Training1\Desktop\Assignment1\assignment1\src\main\resources
2024-05-30 14:00:11,577 [Worker-7] INFO  o.e.m.c.i.embedder.EclipseLogger - Using 'UTF-8' encoding to copy filtered resources.
2024-05-30 14:00:11,577 [Worker-7] INFO  o.e.m.c.i.embedder.EclipseLogger - skip non existing resourceDirectory C:\Users\Training1\Desktop\Assignment1\assignment1\src\test\resources
2024-05-30 14:00:32,696 [Worker-3] INFO  o.e.m.c.i.embedder.EclipseLogger - Using 'UTF-8' encoding to copy filtered resources.
2024-05-30 14:00:32,696 [Worker-3] INFO  o.e.m.c.i.embedder.EclipseLogger - skip non existing resourceDirectory C:\Users\Training1\Desktop\Assignment1\assignment1\src\main\resources
2024-05-30 14:00:32,696 [Worker-3] INFO  o.e.m.c.i.embedder.EclipseLogger - Using 'UTF-8' encoding to copy filtered resources.
2024-05-30 14:00:32,696 [Worker-3] INFO  o.e.m.c.i.embedder.EclipseLogger - skip non existing resourceDirectory C:\Users\Training1\Desktop\Assignment1\assignment1\src\test\resources
2024-05-30 14:04:31,481 [Worker-1] INFO  o.e.m.c.i.l.LifecycleMappingFactory - Using org.eclipse.m2e.jdt.JarLifecycleMapping lifecycle mapping for MavenProject: employee:assignment1:0.0.1-SNAPSHOT @ C:\Users\Training1\Desktop\Assignment1\assignment1\pom.xml.
2024-05-30 14:04:39,913 [Worker-1] INFO  o.e.m.c.i.embedder.EclipseLogger - Using 'UTF-8' encoding to copy filtered resources.
2024-05-30 14:04:39,913 [Worker-1] INFO  o.e.m.c.i.embedder.EclipseLogger - skip non existing resourceDirectory C:\Users\Training1\Desktop\Assignment1\assignment1\src\main\resources
2024-05-30 14:04:39,913 [Worker-1] INFO  o.e.m.c.i.embedder.EclipseLogger - Using 'UTF-8' encoding to copy filtered resources.
2024-05-30 14:04:39,913 [Worker-1] INFO  o.e.m.c.i.embedder.EclipseLogger - skip non existing resourceDirectory C:\Users\Training1\Desktop\Assignment1\assignment1\src\test\resources
2024-05-30 14:04:44,113 [Worker-10] INFO  o.e.m.c.i.embedder.EclipseLogger - Using 'UTF-8' encoding to copy filtered resources.
2024-05-30 14:04:44,113 [Worker-10] INFO  o.e.m.c.i.embedder.EclipseLogger - skip non existing resourceDirectory C:\Users\Training1\Desktop\Assignment1\assignment1\src\main\resources
2024-05-30 14:04:44,113 [Worker-10] INFO  o.e.m.c.i.embedder.EclipseLogger - Using 'UTF-8' encoding to copy filtered resources.
2024-05-30 14:04:44,113 [Worker-10] INFO  o.e.m.c.i.embedder.EclipseLogger - skip non existing resourceDirectory C:\Users\Training1\Desktop\Assignment1\assignment1\src\test\resources
2024-05-30 14:05:04,416 [Worker-10] INFO  o.e.m.c.i.embedder.EclipseLogger - Using 'UTF-8' encoding to copy filtered resources.
2024-05-30 14:05:04,416 [Worker-10] INFO  o.e.m.c.i.embedder.EclipseLogger - skip non existing resourceDirectory C:\Users\Training1\Desktop\Assignment1\assignment1\src\main\resources
2024-05-30 14:05:04,416 [Worker-10] INFO  o.e.m.c.i.embedder.EclipseLogger - Using 'UTF-8' encoding to copy filtered resources.
2024-05-30 14:05:04,416 [Worker-10] INFO  o.e.m.c.i.embedder.EclipseLogger - skip non existing resourceDirectory C:\Users\Training1\Desktop\Assignment1\assignment1\src\test\resources
2024-05-30 14:05:13,187 [Worker-1] INFO  o.e.m.c.i.embedder.EclipseLogger - Using 'UTF-8' encoding to copy filtered resources.
2024-05-30 14:05:13,187 [Worker-1] INFO  o.e.m.c.i.embedder.EclipseLogger - skip non existing resourceDirectory C:\Users\Training1\Desktop\Assignment1\assignment1\src\main\resources
2024-05-30 14:05:13,187 [Worker-1] INFO  o.e.m.c.i.embedder.EclipseLogger - Using 'UTF-8' encoding to copy filtered resources.
2024-05-30 14:05:13,187 [Worker-1] INFO  o.e.m.c.i.embedder.EclipseLogger - skip non existing resourceDirectory C:\Users\Training1\Desktop\Assignment1\assignment1\src\test\resources
2024-05-30 14:05:25,370 [Worker-10] INFO  o.e.m.c.i.embedder.EclipseLogger - Using 'UTF-8' encoding to copy filtered resources.
2024-05-30 14:05:25,370 [Worker-10] INFO  o.e.m.c.i.embedder.EclipseLogger - skip non existing resourceDirectory C:\Users\Training1\Desktop\Assignment1\assignment1\src\main\resources
2024-05-30 14:05:25,370 [Worker-10] INFO  o.e.m.c.i.embedder.EclipseLogger - Using 'UTF-8' encoding to copy filtered resources.
2024-05-30 14:05:25,370 [Worker-10] INFO  o.e.m.c.i.embedder.EclipseLogger - skip non existing resourceDirectory C:\Users\Training1\Desktop\Assignment1\assignment1\src\test\resources
2024-05-30 14:05:31,501 [Worker-10] INFO  o.e.m.c.i.embedder.EclipseLogger - Using 'UTF-8' encoding to copy filtered resources.
2024-05-30 14:05:31,501 [Worker-10] INFO  o.e.m.c.i.embedder.EclipseLogger - skip non existing resourceDirectory C:\Users\Training1\Desktop\Assignment1\assignment1\src\main\resources
2024-05-30 14:05:31,501 [Worker-10] INFO  o.e.m.c.i.embedder.EclipseLogger - Using 'UTF-8' encoding to copy filtered resources.
2024-05-30 14:05:31,501 [Worker-10] INFO  o.e.m.c.i.embedder.EclipseLogger - skip non existing resourceDirectory C:\Users\Training1\Desktop\Assignment1\assignment1\src\test\resources
2024-05-30 14:05:50,588 [Worker-18] INFO  o.e.m.c.i.embedder.EclipseLogger - Using 'UTF-8' encoding to copy filtered resources.
2024-05-30 14:05:50,588 [Worker-18] INFO  o.e.m.c.i.embedder.EclipseLogger - skip non existing resourceDirectory C:\Users\Training1\Desktop\Assignment1\assignment1\src\main\resources
2024-05-30 14:05:50,604 [Worker-18] INFO  o.e.m.c.i.embedder.EclipseLogger - Using 'UTF-8' encoding to copy filtered resources.
2024-05-30 14:05:50,604 [Worker-18] INFO  o.e.m.c.i.embedder.EclipseLogger - skip non existing resourceDirectory C:\Users\Training1\Desktop\Assignment1\assignment1\src\test\resources
2024-05-30 14:06:11,840 [Worker-16] INFO  o.e.m.c.i.embedder.EclipseLogger - Using 'UTF-8' encoding to copy filtered resources.
2024-05-30 14:06:11,840 [Worker-16] INFO  o.e.m.c.i.embedder.EclipseLogger - skip non existing resourceDirectory C:\Users\Training1\Desktop\Assignment1\assignment1\src\main\resources
2024-05-30 14:06:11,840 [Worker-16] INFO  o.e.m.c.i.embedder.EclipseLogger - Using 'UTF-8' encoding to copy filtered resources.
2024-05-30 14:06:11,840 [Worker-16] INFO  o.e.m.c.i.embedder.EclipseLogger - skip non existing resourceDirectory C:\Users\Training1\Desktop\Assignment1\assignment1\src\test\resources
2024-05-30 14:06:50,844 [Worker-17] INFO  o.e.m.c.i.embedder.EclipseLogger - Using 'UTF-8' encoding to copy filtered resources.
2024-05-30 14:06:50,860 [Worker-17] INFO  o.e.m.c.i.embedder.EclipseLogger - skip non existing resourceDirectory C:\Users\Training1\Desktop\Assignment1\assignment1\src\main\resources
2024-05-30 14:06:50,876 [Worker-17] INFO  o.e.m.c.i.embedder.EclipseLogger - Using 'UTF-8' encoding to copy filtered resources.
2024-05-30 14:06:50,876 [Worker-17] INFO  o.e.m.c.i.embedder.EclipseLogger - skip non existing resourceDirectory C:\Users\Training1\Desktop\Assignment1\assignment1\src\test\resources
2024-05-30 14:07:24,886 [Worker-19] INFO  o.e.m.c.i.embedder.EclipseLogger - Using 'UTF-8' encoding to copy filtered resources.
2024-05-30 14:07:24,886 [Worker-19] INFO  o.e.m.c.i.embedder.EclipseLogger - skip non existing resourceDirectory C:\Users\Training1\Desktop\Assignment1\assignment1\src\main\resources
2024-05-30 14:07:24,886 [Worker-19] INFO  o.e.m.c.i.embedder.EclipseLogger - Using 'UTF-8' encoding to copy filtered resources.
2024-05-30 14:07:24,886 [Worker-19] INFO  o.e.m.c.i.embedder.EclipseLogger - skip non existing resourceDirectory C:\Users\Training1\Desktop\Assignment1\assignment1\src\test\resources
2024-05-30 14:07:50,230 [Worker-10] INFO  o.e.m.c.i.embedder.EclipseLogger - Using 'UTF-8' encoding to copy filtered resources.
2024-05-30 14:07:50,230 [Worker-10] INFO  o.e.m.c.i.embedder.EclipseLogger - skip non existing resourceDirectory C:\Users\Training1\Desktop\Assignment1\assignment1\src\main\resources
2024-05-30 14:07:50,230 [Worker-10] INFO  o.e.m.c.i.embedder.EclipseLogger - Using 'UTF-8' encoding to copy filtered resources.
2024-05-30 14:07:50,230 [Worker-10] INFO  o.e.m.c.i.embedder.EclipseLogger - skip non existing resourceDirectory C:\Users\Training1\Desktop\Assignment1\assignment1\src\test\resources
2024-05-30 14:09:24,227 [Worker-1] WARN  o.e.r.models.ModelRepository - Failed to download org.eclipse.recommenders:index::zip:0.0.0
org.eclipse.aether.resolution.ArtifactResolutionException: Could not find artifact org.eclipse.recommenders:index:zip:0.0.0-SNAPSHOT in models (http://download.eclipse.org/recommenders/models/oxygen/)
	at org.eclipse.aether.internal.impl.DefaultArtifactResolver.resolve(DefaultArtifactResolver.java:453) ~[na:na]
	at org.eclipse.aether.internal.impl.DefaultArtifactResolver.resolveArtifacts(DefaultArtifactResolver.java:255) ~[na:na]
	at org.eclipse.aether.internal.impl.DefaultArtifactResolver.resolveArtifact(DefaultArtifactResolver.java:232) ~[na:na]
	at org.eclipse.aether.internal.impl.DefaultRepositorySystem.resolveArtifact(DefaultRepositorySystem.java:303) ~[na:na]
	at org.eclipse.recommenders.models.ModelRepository.resolveInternal(ModelRepository.java:193) [org.eclipse.recommenders.models_2.4.10.v20170911-1410.jar:na]
	at org.eclipse.recommenders.models.ModelRepository.resolve(ModelRepository.java:172) [org.eclipse.recommenders.models_2.4.10.v20170911-1410.jar:na]
	at org.eclipse.recommenders.internal.models.rcp.EclipseModelRepository.resolve(EclipseModelRepository.java:168) [org.eclipse.recommenders.models.rcp_2.4.10.v20170911-1410.jar:na]
	at org.eclipse.recommenders.internal.models.rcp.DownloadModelArchiveJob.run(DownloadModelArchiveJob.java:76) [org.eclipse.recommenders.models.rcp_2.4.10.v20170911-1410.jar:na]
	at org.eclipse.core.internal.jobs.Worker.run(Worker.java:56) [org.eclipse.core.jobs_3.9.1.v20170714-0547.jar:na]
Caused by: org.eclipse.aether.transfer.ArtifactNotFoundException: Could not find artifact org.eclipse.recommenders:index:zip:0.0.0-SNAPSHOT in models (http://download.eclipse.org/recommenders/models/oxygen/)
	at org.eclipse.aether.connector.basic.ArtifactTransportListener.transferFailed(ArtifactTransportListener.java:48) ~[org.apache.maven.resolver.connector.basic_1.0.3.v20170405-0725.jar:1.0.3]
	at org.eclipse.aether.connector.basic.BasicRepositoryConnector$TaskRunner.run(BasicRepositoryConnector.java:364) ~[org.apache.maven.resolver.connector.basic_1.0.3.v20170405-0725.jar:1.0.3]
	at org.eclipse.aether.util.concurrency.RunnableErrorForwarder$1.run(RunnableErrorForwarder.java:76) ~[na:na]
	at org.eclipse.aether.connector.basic.BasicRepositoryConnector$DirectExecutor.execute(BasicRepositoryConnector.java:590) ~[org.apache.maven.resolver.connector.basic_1.0.3.v20170405-0725.jar:1.0.3]
	at org.eclipse.aether.connector.basic.BasicRepositoryConnector.get(BasicRepositoryConnector.java:258) ~[org.apache.maven.resolver.connector.basic_1.0.3.v20170405-0725.jar:1.0.3]
	at org.eclipse.aether.internal.impl.DefaultArtifactResolver.performDownloads(DefaultArtifactResolver.java:529) ~[na:na]
	at org.eclipse.aether.internal.impl.DefaultArtifactResolver.resolve(DefaultArtifactResolver.java:430) ~[na:na]
	... 8 common frames omitted
2024-05-30 14:09:51,458 [Worker-16] INFO  o.e.m.c.i.embedder.EclipseLogger - Using 'UTF-8' encoding to copy filtered resources.
2024-05-30 14:09:51,458 [Worker-16] INFO  o.e.m.c.i.embedder.EclipseLogger - skip non existing resourceDirectory C:\Users\Training1\Desktop\Assignment1\assignment1\src\main\resources
2024-05-30 14:09:51,458 [Worker-16] INFO  o.e.m.c.i.embedder.EclipseLogger - Using 'UTF-8' encoding to copy filtered resources.
2024-05-30 14:09:51,458 [Worker-16] INFO  o.e.m.c.i.embedder.EclipseLogger - skip non existing resourceDirectory C:\Users\Training1\Desktop\Assignment1\assignment1\src\test\resources
2024-05-30 14:10:04,200 [Worker-17] INFO  o.e.m.c.i.embedder.EclipseLogger - Using 'UTF-8' encoding to copy filtered resources.
2024-05-30 14:10:04,200 [Worker-17] INFO  o.e.m.c.i.embedder.EclipseLogger - skip non existing resourceDirectory C:\Users\Training1\Desktop\Assignment1\assignment1\src\main\resources
2024-05-30 14:10:04,216 [Worker-17] INFO  o.e.m.c.i.embedder.EclipseLogger - Using 'UTF-8' encoding to copy filtered resources.
2024-05-30 14:10:04,216 [Worker-17] INFO  o.e.m.c.i.embedder.EclipseLogger - skip non existing resourceDirectory C:\Users\Training1\Desktop\Assignment1\assignment1\src\test\resources
2024-05-30 14:10:41,575 [Worker-19] INFO  o.e.m.c.i.embedder.EclipseLogger - Using 'UTF-8' encoding to copy filtered resources.
2024-05-30 14:10:41,575 [Worker-19] INFO  o.e.m.c.i.embedder.EclipseLogger - skip non existing resourceDirectory C:\Users\Training1\Desktop\Assignment1\assignment1\src\main\resources
2024-05-30 14:10:41,575 [Worker-19] INFO  o.e.m.c.i.embedder.EclipseLogger - Using 'UTF-8' encoding to copy filtered resources.
2024-05-30 14:10:41,575 [Worker-19] INFO  o.e.m.c.i.embedder.EclipseLogger - skip non existing resourceDirectory C:\Users\Training1\Desktop\Assignment1\assignment1\src\test\resources
2024-05-30 14:12:33,906 [Worker-19] INFO  o.e.m.c.i.embedder.EclipseLogger - Using 'UTF-8' encoding to copy filtered resources.
2024-05-30 14:12:33,906 [Worker-19] INFO  o.e.m.c.i.embedder.EclipseLogger - skip non existing resourceDirectory C:\Users\Training1\Desktop\Assignment1\assignment1\src\main\resources
2024-05-30 14:12:33,906 [Worker-19] INFO  o.e.m.c.i.embedder.EclipseLogger - Using 'UTF-8' encoding to copy filtered resources.
2024-05-30 14:12:33,906 [Worker-19] INFO  o.e.m.c.i.embedder.EclipseLogger - skip non existing resourceDirectory C:\Users\Training1\Desktop\Assignment1\assignment1\src\test\resources
2024-05-30 14:12:36,871 [Worker-16] INFO  o.e.m.c.i.embedder.EclipseLogger - Using 'UTF-8' encoding to copy filtered resources.
2024-05-30 14:12:36,871 [Worker-16] INFO  o.e.m.c.i.embedder.EclipseLogger - skip non existing resourceDirectory C:\Users\Training1\Desktop\Assignment1\assignment1\src\main\resources
2024-05-30 14:12:36,887 [Worker-16] INFO  o.e.m.c.i.embedder.EclipseLogger - Using 'UTF-8' encoding to copy filtered resources.
2024-05-30 14:12:36,887 [Worker-16] INFO  o.e.m.c.i.embedder.EclipseLogger - skip non existing resourceDirectory C:\Users\Training1\Desktop\Assignment1\assignment1\src\test\resources
2024-05-30 14:14:38,897 [Worker-19] INFO  o.e.m.c.i.embedder.EclipseLogger - Using 'UTF-8' encoding to copy filtered resources.
2024-05-30 14:14:38,897 [Worker-19] INFO  o.e.m.c.i.embedder.EclipseLogger - skip non existing resourceDirectory C:\Users\Training1\Desktop\Assignment1\assignment1\src\main\resources
2024-05-30 14:14:38,897 [Worker-19] INFO  o.e.m.c.i.embedder.EclipseLogger - Using 'UTF-8' encoding to copy filtered resources.
2024-05-30 14:14:38,913 [Worker-19] INFO  o.e.m.c.i.embedder.EclipseLogger - skip non existing resourceDirectory C:\Users\Training1\Desktop\Assignment1\assignment1\src\test\resources
2024-05-30 14:15:56,992 [main] INFO  o.e.m2e.actions.ExecutePomAction - Creating new launch configuration
2024-05-30 14:16:18,026 [Worker-20] INFO  o.e.m.i.launch.MavenLaunchDelegate - C:\Users\Training1\Desktop\Assignment1\assignment1
2024-05-30 14:16:18,026 [Worker-20] INFO  o.e.m.i.launch.MavenLaunchDelegate -  mvn -B surefire:test compiler:compile compiler:testCompile
2024-05-30 14:18:03,420 [Worker-22] INFO  o.e.m.c.i.embedder.EclipseLogger - Using 'UTF-8' encoding to copy filtered resources.
2024-05-30 14:18:03,420 [Worker-22] INFO  o.e.m.c.i.embedder.EclipseLogger - skip non existing resourceDirectory C:\Users\Training1\Desktop\Assignment1\assignment1\src\main\resources
2024-05-30 14:18:03,420 [Worker-22] INFO  o.e.m.c.i.embedder.EclipseLogger - Using 'UTF-8' encoding to copy filtered resources.
2024-05-30 14:18:03,420 [Worker-22] INFO  o.e.m.c.i.embedder.EclipseLogger - skip non existing resourceDirectory C:\Users\Training1\Desktop\Assignment1\assignment1\src\test\resources
2024-05-30 14:18:04,440 [Worker-22] INFO  o.e.m.c.i.embedder.EclipseLogger - Using 'UTF-8' encoding to copy filtered resources.
2024-05-30 14:18:04,440 [Worker-22] INFO  o.e.m.c.i.embedder.EclipseLogger - skip non existing resourceDirectory C:\Users\Training1\Desktop\Assignment1\assignment1\src\main\resources
2024-05-30 14:18:04,440 [Worker-22] INFO  o.e.m.c.i.embedder.EclipseLogger - Using 'UTF-8' encoding to copy filtered resources.
2024-05-30 14:18:04,440 [Worker-22] INFO  o.e.m.c.i.embedder.EclipseLogger - skip non existing resourceDirectory C:\Users\Training1\Desktop\Assignment1\assignment1\src\test\resources
2024-05-30 14:18:09,588 [Worker-16] INFO  o.e.m.i.launch.MavenLaunchDelegate - C:\Users\Training1\Desktop\Assignment1\assignment1
2024-05-30 14:18:09,588 [Worker-16] INFO  o.e.m.i.launch.MavenLaunchDelegate -  mvn -B surefire:test compiler:compile compiler:testCompile
2024-05-30 14:18:28,877 [Worker-1] INFO  o.e.m.c.i.embedder.EclipseLogger - Using 'UTF-8' encoding to copy filtered resources.
2024-05-30 14:18:28,877 [Worker-1] INFO  o.e.m.c.i.embedder.EclipseLogger - skip non existing resourceDirectory C:\Users\Training1\Desktop\Assignment1\assignment1\src\main\resources
2024-05-30 14:18:28,877 [Worker-1] INFO  o.e.m.c.i.embedder.EclipseLogger - Using 'UTF-8' encoding to copy filtered resources.
2024-05-30 14:18:28,877 [Worker-1] INFO  o.e.m.c.i.embedder.EclipseLogger - skip non existing resourceDirectory C:\Users\Training1\Desktop\Assignment1\assignment1\src\test\resources
2024-05-30 14:18:45,575 [main] INFO  o.e.m2e.actions.ExecutePomAction - Creating new launch configuration
2024-05-30 14:18:52,044 [Worker-19] INFO  o.e.m.i.launch.MavenLaunchDelegate - C:\Users\Training1\Desktop\Assignment1\assignment1
2024-05-30 14:18:52,044 [Worker-19] INFO  o.e.m.i.launch.MavenLaunchDelegate -  mvn -B surefire:test
2024-05-30 14:19:50,174 [main] INFO  o.e.m2e.actions.ExecutePomAction - Creating new launch configuration
2024-05-30 14:19:59,430 [Worker-22] INFO  o.e.m.i.launch.MavenLaunchDelegate - C:\Users\Training1\Desktop\Assignment1\assignment1
2024-05-30 14:19:59,430 [Worker-22] INFO  o.e.m.i.launch.MavenLaunchDelegate -  mvn -B surefire:test
2024-05-30 14:20:27,201 [Worker-1] INFO  o.e.m.i.launch.MavenLaunchDelegate - C:\Users\Training1\Desktop\Assignment1\assignment1
2024-05-30 14:20:27,201 [Worker-1] INFO  o.e.m.i.launch.MavenLaunchDelegate -  mvn -B surefire:test
2024-05-30 14:21:18,750 [Worker-27] INFO  o.e.m.c.i.embedder.EclipseLogger - Using 'UTF-8' encoding to copy filtered resources.
2024-05-30 14:21:18,750 [Worker-27] INFO  o.e.m.c.i.embedder.EclipseLogger - skip non existing resourceDirectory C:\Users\Training1\Desktop\Assignment1\assignment1\src\main\resources
2024-05-30 14:21:18,750 [Worker-27] INFO  o.e.m.c.i.embedder.EclipseLogger - Using 'UTF-8' encoding to copy filtered resources.
2024-05-30 14:21:18,750 [Worker-27] INFO  o.e.m.c.i.embedder.EclipseLogger - skip non existing resourceDirectory C:\Users\Training1\Desktop\Assignment1\assignment1\src\test\resources
2024-05-30 14:21:55,150 [Worker-16] INFO  o.e.m.c.i.embedder.EclipseLogger - Using 'UTF-8' encoding to copy filtered resources.
2024-05-30 14:21:55,150 [Worker-16] INFO  o.e.m.c.i.embedder.EclipseLogger - skip non existing resourceDirectory C:\Users\Training1\Desktop\Assignment1\assignment1\src\main\resources
2024-05-30 14:21:55,165 [Worker-16] INFO  o.e.m.c.i.embedder.EclipseLogger - Using 'UTF-8' encoding to copy filtered resources.
2024-05-30 14:21:55,165 [Worker-16] INFO  o.e.m.c.i.embedder.EclipseLogger - skip non existing resourceDirectory C:\Users\Training1\Desktop\Assignment1\assignment1\src\test\resources
2024-05-30 14:22:08,984 [Worker-24] INFO  o.e.m.c.i.embedder.EclipseLogger - Using 'UTF-8' encoding to copy filtered resources.
2024-05-30 14:22:08,984 [Worker-24] INFO  o.e.m.c.i.embedder.EclipseLogger - skip non existing resourceDirectory C:\Users\Training1\Desktop\Assignment1\assignment1\src\main\resources
2024-05-30 14:22:08,984 [Worker-24] INFO  o.e.m.c.i.embedder.EclipseLogger - Using 'UTF-8' encoding to copy filtered resources.
2024-05-30 14:22:08,999 [Worker-24] INFO  o.e.m.c.i.embedder.EclipseLogger - skip non existing resourceDirectory C:\Users\Training1\Desktop\Assignment1\assignment1\src\test\resources
2024-05-30 14:22:24,811 [Worker-29] INFO  o.e.m.c.i.embedder.EclipseLogger - Using 'UTF-8' encoding to copy filtered resources.
2024-05-30 14:22:24,811 [Worker-29] INFO  o.e.m.c.i.embedder.EclipseLogger - skip non existing resourceDirectory C:\Users\Training1\Desktop\Assignment1\assignment1\src\main\resources
2024-05-30 14:22:24,811 [Worker-29] INFO  o.e.m.c.i.embedder.EclipseLogger - Using 'UTF-8' encoding to copy filtered resources.
2024-05-30 14:22:24,811 [Worker-29] INFO  o.e.m.c.i.embedder.EclipseLogger - skip non existing resourceDirectory C:\Users\Training1\Desktop\Assignment1\assignment1\src\test\resources
2024-05-30 14:22:49,604 [Worker-27] INFO  o.e.m.c.i.embedder.EclipseLogger - Using 'UTF-8' encoding to copy filtered resources.
2024-05-30 14:22:49,604 [Worker-27] INFO  o.e.m.c.i.embedder.EclipseLogger - skip non existing resourceDirectory C:\Users\Training1\Desktop\Assignment1\assignment1\src\main\resources
2024-05-30 14:22:49,604 [Worker-27] INFO  o.e.m.c.i.embedder.EclipseLogger - Using 'UTF-8' encoding to copy filtered resources.
2024-05-30 14:22:49,604 [Worker-27] INFO  o.e.m.c.i.embedder.EclipseLogger - skip non existing resourceDirectory C:\Users\Training1\Desktop\Assignment1\assignment1\src\test\resources
2024-05-30 14:24:02,241 [Worker-43] INFO  o.e.m.c.i.embedder.EclipseLogger - Using 'UTF-8' encoding to copy filtered resources.
2024-05-30 14:24:02,241 [Worker-43] INFO  o.e.m.c.i.embedder.EclipseLogger - skip non existing resourceDirectory C:\Users\Training1\Desktop\Assignment1\assignment1\src\main\resources
2024-05-30 14:24:02,257 [Worker-43] INFO  o.e.m.c.i.embedder.EclipseLogger - Using 'UTF-8' encoding to copy filtered resources.
2024-05-30 14:24:02,257 [Worker-43] INFO  o.e.m.c.i.embedder.EclipseLogger - skip non existing resourceDirectory C:\Users\Training1\Desktop\Assignment1\assignment1\src\test\resources
2024-05-30 14:29:35,524 [Worker-100] INFO  o.e.m.c.i.embedder.EclipseLogger - Using 'UTF-8' encoding to copy filtered resources.
2024-05-30 14:29:35,524 [Worker-100] INFO  o.e.m.c.i.embedder.EclipseLogger - skip non existing resourceDirectory C:\Users\Training1\Desktop\Assignment1\assignment1\src\main\resources
2024-05-30 14:29:35,524 [Worker-100] INFO  o.e.m.c.i.embedder.EclipseLogger - Using 'UTF-8' encoding to copy filtered resources.
2024-05-30 14:29:35,524 [Worker-100] INFO  o.e.m.c.i.embedder.EclipseLogger - skip non existing resourceDirectory C:\Users\Training1\Desktop\Assignment1\assignment1\src\test\resources
2024-05-30 14:30:53,459 [Worker-123] INFO  o.e.m.c.i.embedder.EclipseLogger - Using 'UTF-8' encoding to copy filtered resources.
2024-05-30 14:30:53,459 [Worker-123] INFO  o.e.m.c.i.embedder.EclipseLogger - skip non existing resourceDirectory C:\Users\Training1\Desktop\Assignment1\assignment1\src\main\resources
2024-05-30 14:30:53,459 [Worker-123] INFO  o.e.m.c.i.embedder.EclipseLogger - Using 'UTF-8' encoding to copy filtered resources.
2024-05-30 14:30:53,459 [Worker-123] INFO  o.e.m.c.i.embedder.EclipseLogger - skip non existing resourceDirectory C:\Users\Training1\Desktop\Assignment1\assignment1\src\test\resources
2024-05-30 14:31:06,820 [Worker-124] INFO  o.e.m.c.i.embedder.EclipseLogger - Using 'UTF-8' encoding to copy filtered resources.
2024-05-30 14:31:06,820 [Worker-124] INFO  o.e.m.c.i.embedder.EclipseLogger - skip non existing resourceDirectory C:\Users\Training1\Desktop\Assignment1\assignment1\src\main\resources
2024-05-30 14:31:06,820 [Worker-124] INFO  o.e.m.c.i.embedder.EclipseLogger - Using 'UTF-8' encoding to copy filtered resources.
2024-05-30 14:31:06,820 [Worker-124] INFO  o.e.m.c.i.embedder.EclipseLogger - skip non existing resourceDirectory C:\Users\Training1\Desktop\Assignment1\assignment1\src\test\resources
2024-05-30 14:31:49,137 [Worker-134] INFO  o.e.m.c.i.embedder.EclipseLogger - Using 'UTF-8' encoding to copy filtered resources.
2024-05-30 14:31:49,137 [Worker-134] INFO  o.e.m.c.i.embedder.EclipseLogger - skip non existing resourceDirectory C:\Users\Training1\Desktop\Assignment1\assignment1\src\main\resources
2024-05-30 14:31:49,137 [Worker-134] INFO  o.e.m.c.i.embedder.EclipseLogger - Using 'UTF-8' encoding to copy filtered resources.
2024-05-30 14:31:49,137 [Worker-134] INFO  o.e.m.c.i.embedder.EclipseLogger - skip non existing resourceDirectory C:\Users\Training1\Desktop\Assignment1\assignment1\src\test\resources
2024-05-30 14:32:03,991 [Worker-131] INFO  o.e.m.c.i.embedder.EclipseLogger - Using 'UTF-8' encoding to copy filtered resources.
2024-05-30 14:32:03,991 [Worker-131] INFO  o.e.m.c.i.embedder.EclipseLogger - skip non existing resourceDirectory C:\Users\Training1\Desktop\Assignment1\assignment1\src\main\resources
2024-05-30 14:32:03,991 [Worker-131] INFO  o.e.m.c.i.embedder.EclipseLogger - Using 'UTF-8' encoding to copy filtered resources.
2024-05-30 14:32:03,991 [Worker-131] INFO  o.e.m.c.i.embedder.EclipseLogger - skip non existing resourceDirectory C:\Users\Training1\Desktop\Assignment1\assignment1\src\test\resources
2024-05-30 14:32:08,962 [Worker-138] INFO  o.e.m.i.launch.MavenLaunchDelegate - C:\Users\Training1\Desktop\Assignment1\assignment1
2024-05-30 14:32:08,962 [Worker-138] INFO  o.e.m.i.launch.MavenLaunchDelegate -  mvn -B surefire:test
2024-05-30 14:32:59,566 [main] INFO  o.e.m2e.actions.ExecutePomAction - Creating new launch configuration
2024-05-30 14:33:15,829 [Worker-147] INFO  o.e.m.i.launch.MavenLaunchDelegate - C:\Users\Training1\Desktop\Assignment1\assignment1
2024-05-30 14:33:15,829 [Worker-147] INFO  o.e.m.i.launch.MavenLaunchDelegate -  mvn -B compiler:compile compiler:testCompile surefire:test
2024-05-30 14:34:35,527 [main] INFO  o.e.m2e.actions.ExecutePomAction - Creating new launch configuration
2024-05-30 14:34:39,615 [Worker-148] INFO  o.e.m.c.i.l.LifecycleMappingFactory - Using org.eclipse.m2e.jdt.JarLifecycleMapping lifecycle mapping for MavenProject: employee:assignment1:0.0.1-SNAPSHOT @ C:\Users\Training1\Desktop\Assignment1\assignment1\pom.xml.
2024-05-30 14:34:42,597 [Worker-148] INFO  o.e.m.c.i.embedder.EclipseLogger - Using 'UTF-8' encoding to copy filtered resources.
2024-05-30 14:34:42,597 [Worker-148] INFO  o.e.m.c.i.embedder.EclipseLogger - skip non existing resourceDirectory C:\Users\Training1\Desktop\Assignment1\assignment1\src\main\resources
2024-05-30 14:34:42,597 [Worker-148] INFO  o.e.m.c.i.embedder.EclipseLogger - Using 'UTF-8' encoding to copy filtered resources.
2024-05-30 14:34:42,597 [Worker-148] INFO  o.e.m.c.i.embedder.EclipseLogger - skip non existing resourceDirectory C:\Users\Training1\Desktop\Assignment1\assignment1\src\test\resources
2024-05-30 14:34:44,659 [Worker-149] INFO  o.e.m.i.launch.MavenLaunchDelegate - C:\Users\Training1\Desktop\Assignment1\assignment1
2024-05-30 14:34:44,659 [Worker-149] INFO  o.e.m.i.launch.MavenLaunchDelegate -  mvn -B surefire:test
2024-05-30 14:34:55,750 [Worker-152] INFO  o.e.m.c.i.embedder.EclipseLogger - Using 'UTF-8' encoding to copy filtered resources.
2024-05-30 14:34:55,750 [Worker-152] INFO  o.e.m.c.i.embedder.EclipseLogger - skip non existing resourceDirectory C:\Users\Training1\Desktop\Assignment1\assignment1\src\main\resources
2024-05-30 14:34:55,750 [Worker-152] INFO  o.e.m.c.i.embedder.EclipseLogger - Using 'UTF-8' encoding to copy filtered resources.
2024-05-30 14:34:55,750 [Worker-152] INFO  o.e.m.c.i.embedder.EclipseLogger - skip non existing resourceDirectory C:\Users\Training1\Desktop\Assignment1\assignment1\src\test\resources
2024-05-30 14:35:30,770 [Worker-152] INFO  o.e.m.i.launch.MavenLaunchDelegate - C:\Users\Training1\Desktop\Assignment1\assignment1
2024-05-30 14:35:30,770 [Worker-152] INFO  o.e.m.i.launch.MavenLaunchDelegate -  mvn -B surefire:test compiler:compile compiler:testCompile
2024-05-30 14:36:15,945 [Worker-149] INFO  o.e.m.c.i.l.LifecycleMappingFactory - Using org.eclipse.m2e.jdt.JarLifecycleMapping lifecycle mapping for MavenProject: employee:assignment1:0.0.1-SNAPSHOT @ C:\Users\Training1\Desktop\Assignment1\assignment1\pom.xml.
2024-05-30 14:36:16,163 [Worker-149] INFO  o.e.m.c.i.embedder.EclipseLogger - Using 'UTF-8' encoding to copy filtered resources.
2024-05-30 14:36:16,163 [Worker-149] INFO  o.e.m.c.i.embedder.EclipseLogger - skip non existing resourceDirectory C:\Users\Training1\Desktop\Assignment1\assignment1\src\main\resources
2024-05-30 14:36:16,163 [Worker-149] INFO  o.e.m.c.i.embedder.EclipseLogger - Using 'UTF-8' encoding to copy filtered resources.
2024-05-30 14:36:16,163 [Worker-149] INFO  o.e.m.c.i.embedder.EclipseLogger - skip non existing resourceDirectory C:\Users\Training1\Desktop\Assignment1\assignment1\src\test\resources
2024-05-30 14:36:32,770 [Worker-153] INFO  o.e.m.i.launch.MavenLaunchDelegate - C:\Users\Training1\Desktop\Assignment1\assignment1
2024-05-30 14:36:32,770 [Worker-153] INFO  o.e.m.i.launch.MavenLaunchDelegate -  mvn -B surefire:test compiler:compile compiler:testCompile
2024-05-30 14:37:47,624 [Worker-151] INFO  o.e.m.c.i.embedder.EclipseLogger - Using 'UTF-8' encoding to copy filtered resources.
2024-05-30 14:37:47,624 [Worker-151] INFO  o.e.m.c.i.embedder.EclipseLogger - skip non existing resourceDirectory C:\Users\Training1\Desktop\Assignment1\assignment1\src\main\resources
2024-05-30 14:37:47,624 [Worker-151] INFO  o.e.m.c.i.embedder.EclipseLogger - Using 'UTF-8' encoding to copy filtered resources.
2024-05-30 14:37:47,624 [Worker-151] INFO  o.e.m.c.i.embedder.EclipseLogger - skip non existing resourceDirectory C:\Users\Training1\Desktop\Assignment1\assignment1\src\test\resources
2024-05-30 14:37:59,036 [Worker-151] INFO  o.e.m.c.i.embedder.EclipseLogger - Using 'UTF-8' encoding to copy filtered resources.
2024-05-30 14:37:59,052 [Worker-151] INFO  o.e.m.c.i.embedder.EclipseLogger - skip non existing resourceDirectory C:\Users\Training1\Desktop\Assignment1\assignment1\src\main\resources
2024-05-30 14:37:59,052 [Worker-151] INFO  o.e.m.c.i.embedder.EclipseLogger - Using 'UTF-8' encoding to copy filtered resources.
2024-05-30 14:37:59,052 [Worker-151] INFO  o.e.m.c.i.embedder.EclipseLogger - skip non existing resourceDirectory C:\Users\Training1\Desktop\Assignment1\assignment1\src\test\resources
2024-05-30 14:39:15,018 [main] INFO  o.e.m2e.actions.ExecutePomAction - Creating new launch configuration
2024-05-30 14:39:21,136 [Worker-150] INFO  o.e.m.i.launch.MavenLaunchDelegate - C:\Users\Training1\Desktop\Assignment1\assignment1
2024-05-30 14:39:21,136 [Worker-150] INFO  o.e.m.i.launch.MavenLaunchDelegate -  mvn -B surefire:test
2024-05-30 14:40:19,238 [Worker-147] INFO  o.e.m.c.i.embedder.EclipseLogger - Using 'UTF-8' encoding to copy filtered resources.
2024-05-30 14:40:19,238 [Worker-147] INFO  o.e.m.c.i.embedder.EclipseLogger - skip non existing resourceDirectory C:\Users\Training1\Desktop\Assignment1\assignment1\src\main\resources
2024-05-30 14:40:19,238 [Worker-147] INFO  o.e.m.c.i.embedder.EclipseLogger - Using 'UTF-8' encoding to copy filtered resources.
2024-05-30 14:40:19,238 [Worker-147] INFO  o.e.m.c.i.embedder.EclipseLogger - skip non existing resourceDirectory C:\Users\Training1\Desktop\Assignment1\assignment1\src\test\resources
2024-05-30 14:40:37,459 [Worker-148] INFO  o.e.m.c.i.embedder.EclipseLogger - Using 'UTF-8' encoding to copy filtered resources.
2024-05-30 14:40:37,459 [Worker-148] INFO  o.e.m.c.i.embedder.EclipseLogger - skip non existing resourceDirectory C:\Users\Training1\Desktop\Assignment1\assignment1\src\main\resources
2024-05-30 14:40:37,459 [Worker-148] INFO  o.e.m.c.i.embedder.EclipseLogger - Using 'UTF-8' encoding to copy filtered resources.
2024-05-30 14:40:37,459 [Worker-148] INFO  o.e.m.c.i.embedder.EclipseLogger - skip non existing resourceDirectory C:\Users\Training1\Desktop\Assignment1\assignment1\src\test\resources
2024-05-30 14:40:46,946 [Worker-156] INFO  o.e.m.c.i.embedder.EclipseLogger - Using 'UTF-8' encoding to copy filtered resources.
2024-05-30 14:40:46,946 [Worker-156] INFO  o.e.m.c.i.embedder.EclipseLogger - skip non existing resourceDirectory C:\Users\Training1\Desktop\Assignment1\assignment1\src\main\resources
2024-05-30 14:40:46,961 [Worker-156] INFO  o.e.m.c.i.embedder.EclipseLogger - Using 'UTF-8' encoding to copy filtered resources.
2024-05-30 14:40:46,961 [Worker-156] INFO  o.e.m.c.i.embedder.EclipseLogger - skip non existing resourceDirectory C:\Users\Training1\Desktop\Assignment1\assignment1\src\test\resources
2024-05-30 14:42:07,861 [main] INFO  o.e.m2e.actions.ExecutePomAction - Creating new launch configuration
2024-05-30 14:42:31,793 [Worker-150] INFO  o.e.m.i.launch.MavenLaunchDelegate - C:\Users\Training1\Desktop\Assignment1\assignment1
2024-05-30 14:42:31,793 [Worker-150] INFO  o.e.m.i.launch.MavenLaunchDelegate -  mvn -B compiler:compile compiler:testCompile surefire:test
2024-05-30 14:43:08,062 [Worker-148] INFO  o.e.m.c.i.embedder.EclipseLogger - Using 'UTF-8' encoding to copy filtered resources.
2024-05-30 14:43:08,062 [Worker-148] INFO  o.e.m.c.i.embedder.EclipseLogger - skip non existing resourceDirectory C:\Users\Training1\Desktop\Assignment1\assignment1\src\main\resources
2024-05-30 14:43:08,062 [Worker-148] INFO  o.e.m.c.i.embedder.EclipseLogger - Using 'UTF-8' encoding to copy filtered resources.
2024-05-30 14:43:08,078 [Worker-148] INFO  o.e.m.c.i.embedder.EclipseLogger - skip non existing resourceDirectory C:\Users\Training1\Desktop\Assignment1\assignment1\src\test\resources
2024-05-30 14:44:00,807 [Worker-156] INFO  o.e.m.c.i.embedder.EclipseLogger - Using 'UTF-8' encoding to copy filtered resources.
2024-05-30 14:44:00,807 [Worker-156] INFO  o.e.m.c.i.embedder.EclipseLogger - skip non existing resourceDirectory C:\Users\Training1\Desktop\Assignment1\assignment1\src\main\resources
2024-05-30 14:44:00,807 [Worker-156] INFO  o.e.m.c.i.embedder.EclipseLogger - Using 'UTF-8' encoding to copy filtered resources.
2024-05-30 14:44:00,807 [Worker-156] INFO  o.e.m.c.i.embedder.EclipseLogger - skip non existing resourceDirectory C:\Users\Training1\Desktop\Assignment1\assignment1\src\test\resources
2024-05-30 14:45:39,578 [Worker-148] INFO  o.e.m.c.i.l.LifecycleMappingFactory - Using org.eclipse.m2e.jdt.JarLifecycleMapping lifecycle mapping for MavenProject: employee:assignment1:0.0.1-SNAPSHOT @ C:\Users\Training1\Desktop\Assignment1\assignment1\pom.xml.
2024-05-30 14:45:39,844 [Worker-148] INFO  o.e.m.c.i.embedder.EclipseLogger - Using 'UTF-8' encoding to copy filtered resources.
2024-05-30 14:45:39,844 [Worker-148] INFO  o.e.m.c.i.embedder.EclipseLogger - skip non existing resourceDirectory C:\Users\Training1\Desktop\Assignment1\assignment1\src\main\resources
2024-05-30 14:45:39,844 [Worker-148] INFO  o.e.m.c.i.embedder.EclipseLogger - Using 'UTF-8' encoding to copy filtered resources.
2024-05-30 14:45:39,844 [Worker-148] INFO  o.e.m.c.i.embedder.EclipseLogger - skip non existing resourceDirectory C:\Users\Training1\Desktop\Assignment1\assignment1\src\test\resources
2024-05-30 14:46:02,808 [main] INFO  o.e.m2e.actions.ExecutePomAction - Creating new launch configuration
2024-05-30 14:46:12,279 [Worker-147] INFO  o.e.m.i.launch.MavenLaunchDelegate - C:\Users\Training1\Desktop\Assignment1\assignment1
2024-05-30 14:46:12,279 [Worker-147] INFO  o.e.m.i.launch.MavenLaunchDelegate -  mvn -B surefire:test
2024-05-30 14:46:33,943 [Worker-148] INFO  o.e.m.c.i.embedder.EclipseLogger - Using 'UTF-8' encoding to copy filtered resources.
2024-05-30 14:46:33,943 [Worker-148] INFO  o.e.m.c.i.embedder.EclipseLogger - skip non existing resourceDirectory C:\Users\Training1\Desktop\Assignment1\assignment1\src\main\resources
2024-05-30 14:46:33,943 [Worker-148] INFO  o.e.m.c.i.embedder.EclipseLogger - Using 'UTF-8' encoding to copy filtered resources.
2024-05-30 14:46:33,943 [Worker-148] INFO  o.e.m.c.i.embedder.EclipseLogger - skip non existing resourceDirectory C:\Users\Training1\Desktop\Assignment1\assignment1\src\test\resources
2024-05-30 14:46:56,773 [Worker-150] INFO  o.e.m.c.i.embedder.EclipseLogger - Using 'UTF-8' encoding to copy filtered resources.
2024-05-30 14:46:56,773 [Worker-150] INFO  o.e.m.c.i.embedder.EclipseLogger - skip non existing resourceDirectory C:\Users\Training1\Desktop\Assignment1\assignment1\src\main\resources
2024-05-30 14:46:56,789 [Worker-150] INFO  o.e.m.c.i.embedder.EclipseLogger - Using 'UTF-8' encoding to copy filtered resources.
2024-05-30 14:46:56,789 [Worker-150] INFO  o.e.m.c.i.embedder.EclipseLogger - skip non existing resourceDirectory C:\Users\Training1\Desktop\Assignment1\assignment1\src\test\resources
2024-05-30 14:47:13,028 [main] INFO  o.e.m2e.actions.ExecutePomAction - Creating new launch configuration
2024-05-30 14:47:19,698 [Worker-149] INFO  o.e.m.i.launch.MavenLaunchDelegate - C:\Users\Training1\Desktop\Assignment1\assignment1
2024-05-30 14:47:19,698 [Worker-149] INFO  o.e.m.i.launch.MavenLaunchDelegate -  mvn -B surefire:test
2024-05-30 14:48:03,584 [Worker-149] INFO  o.e.m.c.i.embedder.EclipseLogger - Using 'UTF-8' encoding to copy filtered resources.
2024-05-30 14:48:03,584 [Worker-149] INFO  o.e.m.c.i.embedder.EclipseLogger - skip non existing resourceDirectory C:\Users\Training1\Desktop\Assignment1\assignment1\src\main\resources
2024-05-30 14:48:03,584 [Worker-149] INFO  o.e.m.c.i.embedder.EclipseLogger - Using 'UTF-8' encoding to copy filtered resources.
2024-05-30 14:48:03,584 [Worker-149] INFO  o.e.m.c.i.embedder.EclipseLogger - skip non existing resourceDirectory C:\Users\Training1\Desktop\Assignment1\assignment1\src\test\resources
2024-05-30 14:49:01,826 [Worker-150] INFO  o.e.m.c.i.embedder.EclipseLogger - Using 'UTF-8' encoding to copy filtered resources.
2024-05-30 14:49:01,826 [Worker-150] INFO  o.e.m.c.i.embedder.EclipseLogger - skip non existing resourceDirectory C:\Users\Training1\Desktop\Assignment1\assignment1\src\main\resources
2024-05-30 14:49:01,826 [Worker-150] INFO  o.e.m.c.i.embedder.EclipseLogger - Using 'UTF-8' encoding to copy filtered resources.
2024-05-30 14:49:01,826 [Worker-150] INFO  o.e.m.c.i.embedder.EclipseLogger - skip non existing resourceDirectory C:\Users\Training1\Desktop\Assignment1\assignment1\src\test\resources
2024-05-30 14:49:21,880 [main] INFO  o.e.m2e.actions.ExecutePomAction - Creating new launch configuration
2024-05-30 14:49:26,570 [Worker-147] INFO  o.e.m.i.launch.MavenLaunchDelegate - C:\Users\Training1\Desktop\Assignment1\assignment1
2024-05-30 14:49:26,570 [Worker-147] INFO  o.e.m.i.launch.MavenLaunchDelegate -  mvn -B surefire:test
2024-05-30 14:51:48,164 [Worker-149] INFO  o.e.m.c.i.embedder.EclipseLogger - Using 'UTF-8' encoding to copy filtered resources.
2024-05-30 14:51:48,164 [Worker-149] INFO  o.e.m.c.i.embedder.EclipseLogger - skip non existing resourceDirectory C:\Users\Training1\Desktop\Assignment1\assignment1\src\main\resources
2024-05-30 14:51:48,164 [Worker-149] INFO  o.e.m.c.i.embedder.EclipseLogger - Using 'UTF-8' encoding to copy filtered resources.
2024-05-30 14:51:48,164 [Worker-149] INFO  o.e.m.c.i.embedder.EclipseLogger - skip non existing resourceDirectory C:\Users\Training1\Desktop\Assignment1\assignment1\src\test\resources
2024-05-30 14:51:53,446 [Worker-155] INFO  o.e.m.i.launch.MavenLaunchDelegate - C:\Users\Training1\Desktop\Assignment1\assignment1
2024-05-30 14:51:53,446 [Worker-155] INFO  o.e.m.i.launch.MavenLaunchDelegate -  mvn -B surefire:test
2024-05-30 14:52:32,296 [Worker-147] INFO  o.e.m.c.i.embedder.EclipseLogger - Using 'UTF-8' encoding to copy filtered resources.
2024-05-30 14:52:32,296 [Worker-147] INFO  o.e.m.c.i.embedder.EclipseLogger - skip non existing resourceDirectory C:\Users\Training1\Desktop\Assignment1\assignment1\src\main\resources
2024-05-30 14:52:32,296 [Worker-147] INFO  o.e.m.c.i.embedder.EclipseLogger - Using 'UTF-8' encoding to copy filtered resources.
2024-05-30 14:52:32,296 [Worker-147] INFO  o.e.m.c.i.embedder.EclipseLogger - skip non existing resourceDirectory C:\Users\Training1\Desktop\Assignment1\assignment1\src\test\resources
2024-05-30 14:53:14,565 [Worker-147] INFO  o.e.m.c.i.embedder.EclipseLogger - Using 'UTF-8' encoding to copy filtered resources.
2024-05-30 14:53:14,565 [Worker-147] INFO  o.e.m.c.i.embedder.EclipseLogger - skip non existing resourceDirectory C:\Users\Training1\Desktop\Assignment1\assignment1\src\main\resources
2024-05-30 14:53:14,565 [Worker-147] INFO  o.e.m.c.i.embedder.EclipseLogger - Using 'UTF-8' encoding to copy filtered resources.
2024-05-30 14:53:14,565 [Worker-147] INFO  o.e.m.c.i.embedder.EclipseLogger - skip non existing resourceDirectory C:\Users\Training1\Desktop\Assignment1\assignment1\src\test\resources
2024-05-30 14:53:18,435 [Worker-147] INFO  o.e.m.c.i.embedder.EclipseLogger - Using 'UTF-8' encoding to copy filtered resources.
2024-05-30 14:53:18,435 [Worker-147] INFO  o.e.m.c.i.embedder.EclipseLogger - skip non existing resourceDirectory C:\Users\Training1\Desktop\Assignment1\assignment1\src\main\resources
2024-05-30 14:53:18,435 [Worker-147] INFO  o.e.m.c.i.embedder.EclipseLogger - Using 'UTF-8' encoding to copy filtered resources.
2024-05-30 14:53:18,435 [Worker-147] INFO  o.e.m.c.i.embedder.EclipseLogger - skip non existing resourceDirectory C:\Users\Training1\Desktop\Assignment1\assignment1\src\test\resources
2024-05-30 14:53:25,315 [main] INFO  o.e.m2e.actions.ExecutePomAction - Creating new launch configuration
2024-05-30 14:53:41,874 [Worker-149] INFO  o.e.m.i.launch.MavenLaunchDelegate - C:\Users\Training1\Desktop\Assignment1\assignment1
2024-05-30 14:53:41,874 [Worker-149] INFO  o.e.m.i.launch.MavenLaunchDelegate -  mvn -B compiler:compile compiler:testCompile surefire:test
2024-05-30 14:54:00,946 [Worker-150] INFO  o.e.m.c.i.embedder.EclipseLogger - Using 'UTF-8' encoding to copy filtered resources.
2024-05-30 14:54:00,946 [Worker-150] INFO  o.e.m.c.i.embedder.EclipseLogger - skip non existing resourceDirectory C:\Users\Training1\Desktop\Assignment1\assignment1\src\main\resources
2024-05-30 14:54:00,946 [Worker-150] INFO  o.e.m.c.i.embedder.EclipseLogger - Using 'UTF-8' encoding to copy filtered resources.
2024-05-30 14:54:00,946 [Worker-150] INFO  o.e.m.c.i.embedder.EclipseLogger - skip non existing resourceDirectory C:\Users\Training1\Desktop\Assignment1\assignment1\src\test\resources
2024-05-30 14:55:38,523 [Worker-150] INFO  o.e.m.c.i.embedder.EclipseLogger - Using 'UTF-8' encoding to copy filtered resources.
2024-05-30 14:55:38,523 [Worker-150] INFO  o.e.m.c.i.embedder.EclipseLogger - skip non existing resourceDirectory C:\Users\Training1\Desktop\Assignment1\assignment1\src\main\resources
2024-05-30 14:55:38,523 [Worker-150] INFO  o.e.m.c.i.embedder.EclipseLogger - Using 'UTF-8' encoding to copy filtered resources.
2024-05-30 14:55:38,523 [Worker-150] INFO  o.e.m.c.i.embedder.EclipseLogger - skip non existing resourceDirectory C:\Users\Training1\Desktop\Assignment1\assignment1\src\test\resources
2024-05-30 14:56:00,262 [Worker-158] INFO  o.e.m.c.i.embedder.EclipseLogger - Using 'UTF-8' encoding to copy filtered resources.
2024-05-30 14:56:00,262 [Worker-158] INFO  o.e.m.c.i.embedder.EclipseLogger - skip non existing resourceDirectory C:\Users\Training1\Desktop\Assignment1\assignment1\src\main\resources
2024-05-30 14:56:00,262 [Worker-158] INFO  o.e.m.c.i.embedder.EclipseLogger - Using 'UTF-8' encoding to copy filtered resources.
2024-05-30 14:56:00,262 [Worker-158] INFO  o.e.m.c.i.embedder.EclipseLogger - skip non existing resourceDirectory C:\Users\Training1\Desktop\Assignment1\assignment1\src\test\resources
2024-05-30 14:56:52,734 [Worker-155] INFO  o.e.m.c.i.l.LifecycleMappingFactory - Using org.eclipse.m2e.jdt.JarLifecycleMapping lifecycle mapping for MavenProject: employee:assignment1:0.0.1-SNAPSHOT @ C:\Users\Training1\Desktop\Assignment1\assignment1\pom.xml.
2024-05-30 14:56:53,206 [Worker-155] INFO  o.e.m.c.i.e.AbstractTransferListenerAdapter - Downloading https://repo.maven.apache.org/maven2/org/apache/maven/surefire/surefire-api/3.2.5/surefire-api-3.2.5.pom
2024-05-30 14:56:53,253 [Worker-155] INFO  o.e.m.c.i.e.AbstractTransferListenerAdapter - Downloaded https://repo.maven.apache.org/maven2/org/apache/maven/surefire/surefire-api/3.2.5/surefire-api-3.2.5.pom
2024-05-30 14:56:53,268 [Worker-155] INFO  o.e.m.c.i.e.AbstractTransferListenerAdapter - Downloading https://repo.maven.apache.org/maven2/org/apache/maven/surefire/surefire/3.2.5/surefire-3.2.5.pom
2024-05-30 14:56:53,315 [Worker-155] INFO  o.e.m.c.i.e.AbstractTransferListenerAdapter - Downloaded https://repo.maven.apache.org/maven2/org/apache/maven/surefire/surefire/3.2.5/surefire-3.2.5.pom
2024-05-30 14:56:53,315 [Worker-155] INFO  o.e.m.c.i.e.AbstractTransferListenerAdapter - Downloading https://repo.maven.apache.org/maven2/org/apache/maven/maven-parent/41/maven-parent-41.pom
2024-05-30 14:56:53,362 [Worker-155] INFO  o.e.m.c.i.e.AbstractTransferListenerAdapter - Downloaded https://repo.maven.apache.org/maven2/org/apache/maven/maven-parent/41/maven-parent-41.pom
2024-05-30 14:56:53,378 [Worker-155] INFO  o.e.m.c.i.e.AbstractTransferListenerAdapter - Downloading https://repo.maven.apache.org/maven2/org/apache/apache/31/apache-31.pom
2024-05-30 14:56:53,425 [Worker-155] INFO  o.e.m.c.i.e.AbstractTransferListenerAdapter - Downloaded https://repo.maven.apache.org/maven2/org/apache/apache/31/apache-31.pom
2024-05-30 14:56:53,425 [Worker-155] INFO  o.e.m.c.i.e.AbstractTransferListenerAdapter - Downloading https://repo.maven.apache.org/maven2/org/junit/junit-bom/5.9.3/junit-bom-5.9.3.pom
2024-05-30 14:56:53,472 [Worker-155] INFO  o.e.m.c.i.e.AbstractTransferListenerAdapter - Downloaded https://repo.maven.apache.org/maven2/org/junit/junit-bom/5.9.3/junit-bom-5.9.3.pom
2024-05-30 14:56:53,472 [Worker-155] INFO  o.e.m.c.i.e.AbstractTransferListenerAdapter - Downloading https://repo.maven.apache.org/maven2/org/apache/maven/surefire/surefire-logger-api/3.2.5/surefire-logger-api-3.2.5.pom
2024-05-30 14:56:53,644 [Worker-155] INFO  o.e.m.c.i.e.AbstractTransferListenerAdapter - Downloaded https://repo.maven.apache.org/maven2/org/apache/maven/surefire/surefire-logger-api/3.2.5/surefire-logger-api-3.2.5.pom
2024-05-30 14:56:53,675 [Worker-155] INFO  o.e.m.c.i.e.AbstractTransferListenerAdapter - Downloading https://repo.maven.apache.org/maven2/org/apache/maven/surefire/surefire-shared-utils/3.2.5/surefire-shared-utils-3.2.5.pom
2024-05-30 14:56:54,206 [Worker-155] INFO  o.e.m.c.i.e.AbstractTransferListenerAdapter - Downloaded https://repo.maven.apache.org/maven2/org/apache/maven/surefire/surefire-shared-utils/3.2.5/surefire-shared-utils-3.2.5.pom
2024-05-30 14:56:54,222 [Worker-155] INFO  o.e.m.c.i.e.AbstractTransferListenerAdapter - Downloading https://repo.maven.apache.org/maven2/org/apache/maven/surefire/surefire-api/3.2.5/surefire-api-3.2.5.jar
2024-05-30 14:56:54,269 [Worker-155] INFO  o.e.m.c.i.e.AbstractTransferListenerAdapter - Downloaded https://repo.maven.apache.org/maven2/org/apache/maven/surefire/surefire-api/3.2.5/surefire-api-3.2.5.jar
2024-05-30 14:56:54,269 [Worker-155] INFO  o.e.m.c.i.e.AbstractTransferListenerAdapter - Downloading https://repo.maven.apache.org/maven2/org/apache/maven/surefire/surefire-logger-api/3.2.5/surefire-logger-api-3.2.5.jar
2024-05-30 14:56:54,300 [main] INFO  o.e.m2e.actions.ExecutePomAction - Creating new launch configuration
2024-05-30 14:56:55,040 [Worker-155] INFO  o.e.m.c.i.e.AbstractTransferListenerAdapter - Downloaded https://repo.maven.apache.org/maven2/org/apache/maven/surefire/surefire-logger-api/3.2.5/surefire-logger-api-3.2.5.jar
2024-05-30 14:56:55,055 [Worker-155] INFO  o.e.m.c.i.e.AbstractTransferListenerAdapter - Downloading https://repo.maven.apache.org/maven2/org/apache/maven/surefire/surefire-shared-utils/3.2.5/surefire-shared-utils-3.2.5.jar
2024-05-30 14:56:55,321 [Worker-155] INFO  o.e.m.c.i.e.AbstractTransferListenerAdapter - Downloaded https://repo.maven.apache.org/maven2/org/apache/maven/surefire/surefire-shared-utils/3.2.5/surefire-shared-utils-3.2.5.jar
2024-05-30 14:57:01,460 [Worker-155] INFO  o.e.m.c.i.embedder.EclipseLogger - Using 'UTF-8' encoding to copy filtered resources.
2024-05-30 14:57:01,460 [Worker-155] INFO  o.e.m.c.i.embedder.EclipseLogger - skip non existing resourceDirectory C:\Users\Training1\Desktop\Assignment1\assignment1\src\main\resources
2024-05-30 14:57:01,475 [Worker-155] INFO  o.e.m.c.i.embedder.EclipseLogger - Using 'UTF-8' encoding to copy filtered resources.
2024-05-30 14:57:01,475 [Worker-155] INFO  o.e.m.c.i.embedder.EclipseLogger - skip non existing resourceDirectory C:\Users\Training1\Desktop\Assignment1\assignment1\src\test\resources
2024-05-30 14:57:04,519 [Worker-155] INFO  o.e.m.c.i.embedder.EclipseLogger - Using 'UTF-8' encoding to copy filtered resources.
2024-05-30 14:57:04,519 [Worker-155] INFO  o.e.m.c.i.embedder.EclipseLogger - skip non existing resourceDirectory C:\Users\Training1\Desktop\Assignment1\assignment1\src\main\resources
2024-05-30 14:57:04,519 [Worker-155] INFO  o.e.m.c.i.embedder.EclipseLogger - Using 'UTF-8' encoding to copy filtered resources.
2024-05-30 14:57:04,519 [Worker-155] INFO  o.e.m.c.i.embedder.EclipseLogger - skip non existing resourceDirectory C:\Users\Training1\Desktop\Assignment1\assignment1\src\test\resources
2024-05-30 14:57:04,582 [Worker-149] INFO  o.e.m.i.launch.MavenLaunchDelegate - C:\Users\Training1\Desktop\Assignment1\assignment1
2024-05-30 14:57:04,582 [Worker-149] INFO  o.e.m.i.launch.MavenLaunchDelegate -  mvn -B surefire:test
2024-05-30 14:57:30,334 [Worker-158] INFO  o.e.m.c.i.l.LifecycleMappingFactory - Using org.eclipse.m2e.jdt.JarLifecycleMapping lifecycle mapping for MavenProject: employee:assignment1:0.0.1-SNAPSHOT @ C:\Users\Training1\Desktop\Assignment1\assignment1\pom.xml.
2024-05-30 14:57:30,506 [Worker-158] INFO  o.e.m.c.i.embedder.EclipseLogger - Using 'UTF-8' encoding to copy filtered resources.
2024-05-30 14:57:30,506 [Worker-158] INFO  o.e.m.c.i.embedder.EclipseLogger - skip non existing resourceDirectory C:\Users\Training1\Desktop\Assignment1\assignment1\src\main\resources
2024-05-30 14:57:30,506 [Worker-158] INFO  o.e.m.c.i.embedder.EclipseLogger - Using 'UTF-8' encoding to copy filtered resources.
2024-05-30 14:57:30,506 [Worker-158] INFO  o.e.m.c.i.embedder.EclipseLogger - skip non existing resourceDirectory C:\Users\Training1\Desktop\Assignment1\assignment1\src\test\resources
2024-05-30 14:57:32,073 [Worker-160] INFO  o.e.m.c.i.embedder.EclipseLogger - Using 'UTF-8' encoding to copy filtered resources.
2024-05-30 14:57:32,073 [Worker-160] INFO  o.e.m.c.i.embedder.EclipseLogger - skip non existing resourceDirectory C:\Users\Training1\Desktop\Assignment1\assignment1\src\main\resources
2024-05-30 14:57:32,073 [Worker-160] INFO  o.e.m.c.i.embedder.EclipseLogger - Using 'UTF-8' encoding to copy filtered resources.
2024-05-30 14:57:32,073 [Worker-160] INFO  o.e.m.c.i.embedder.EclipseLogger - skip non existing resourceDirectory C:\Users\Training1\Desktop\Assignment1\assignment1\src\test\resources
2024-05-30 15:05:41,626 [Worker-158] INFO  o.e.m.c.i.embedder.EclipseLogger - Using 'UTF-8' encoding to copy filtered resources.
2024-05-30 15:05:41,626 [Worker-158] INFO  o.e.m.c.i.embedder.EclipseLogger - skip non existing resourceDirectory C:\Users\Training1\Desktop\Assignment1\assignment1\src\main\resources
2024-05-30 15:05:41,626 [Worker-158] INFO  o.e.m.c.i.embedder.EclipseLogger - Using 'UTF-8' encoding to copy filtered resources.
2024-05-30 15:05:41,626 [Worker-158] INFO  o.e.m.c.i.embedder.EclipseLogger - skip non existing resourceDirectory C:\Users\Training1\Desktop\Assignment1\assignment1\src\test\resources
2024-05-30 15:06:15,194 [Worker-150] INFO  o.e.m.c.i.embedder.EclipseLogger - Using 'UTF-8' encoding to copy filtered resources.
2024-05-30 15:06:15,194 [Worker-150] INFO  o.e.m.c.i.embedder.EclipseLogger - skip non existing resourceDirectory C:\Users\Training1\Desktop\Assignment1\assignment1\src\main\resources
2024-05-30 15:06:15,194 [Worker-150] INFO  o.e.m.c.i.embedder.EclipseLogger - Using 'UTF-8' encoding to copy filtered resources.
2024-05-30 15:06:15,194 [Worker-150] INFO  o.e.m.c.i.embedder.EclipseLogger - skip non existing resourceDirectory C:\Users\Training1\Desktop\Assignment1\assignment1\src\test\resources
2024-05-30 15:08:41,212 [Worker-160] INFO  o.e.m.c.i.embedder.EclipseLogger - Using 'UTF-8' encoding to copy filtered resources.
2024-05-30 15:08:41,212 [Worker-160] INFO  o.e.m.c.i.embedder.EclipseLogger - skip non existing resourceDirectory C:\Users\Training1\Desktop\Assignment1\assignment1\src\main\resources
2024-05-30 15:08:41,212 [Worker-160] INFO  o.e.m.c.i.embedder.EclipseLogger - Using 'UTF-8' encoding to copy filtered resources.
2024-05-30 15:08:41,212 [Worker-160] INFO  o.e.m.c.i.embedder.EclipseLogger - skip non existing resourceDirectory C:\Users\Training1\Desktop\Assignment1\assignment1\src\test\resources
2024-05-30 15:08:54,949 [Worker-159] INFO  o.e.m.c.i.embedder.EclipseLogger - Using 'UTF-8' encoding to copy filtered resources.
2024-05-30 15:08:54,949 [Worker-159] INFO  o.e.m.c.i.embedder.EclipseLogger - skip non existing resourceDirectory C:\Users\Training1\Desktop\Assignment1\assignment1\src\main\resources
2024-05-30 15:08:54,949 [Worker-159] INFO  o.e.m.c.i.embedder.EclipseLogger - Using 'UTF-8' encoding to copy filtered resources.
2024-05-30 15:08:54,949 [Worker-159] INFO  o.e.m.c.i.embedder.EclipseLogger - skip non existing resourceDirectory C:\Users\Training1\Desktop\Assignment1\assignment1\src\test\resources
2024-05-30 15:09:03,221 [Worker-159] INFO  o.e.m.c.i.embedder.EclipseLogger - Using 'UTF-8' encoding to copy filtered resources.
2024-05-30 15:09:03,221 [Worker-159] INFO  o.e.m.c.i.embedder.EclipseLogger - skip non existing resourceDirectory C:\Users\Training1\Desktop\Assignment1\assignment1\src\main\resources
2024-05-30 15:09:03,221 [Worker-159] INFO  o.e.m.c.i.embedder.EclipseLogger - Using 'UTF-8' encoding to copy filtered resources.
2024-05-30 15:09:03,221 [Worker-159] INFO  o.e.m.c.i.embedder.EclipseLogger - skip non existing resourceDirectory C:\Users\Training1\Desktop\Assignment1\assignment1\src\test\resources
2024-05-30 15:10:49,209 [Worker-160] INFO  o.e.m.i.launch.MavenLaunchDelegate - C:\Users\Training1\Desktop\Assignment1\assignment1
2024-05-30 15:10:49,209 [Worker-160] INFO  o.e.m.i.launch.MavenLaunchDelegate -  mvn -B surefire:test
2024-05-30 15:13:38,663 [Worker-159] INFO  o.e.m.c.i.embedder.EclipseLogger - Using 'UTF-8' encoding to copy filtered resources.
2024-05-30 15:13:38,663 [Worker-159] INFO  o.e.m.c.i.embedder.EclipseLogger - skip non existing resourceDirectory C:\Users\Training1\Desktop\Assignment1\assignment1\src\main\resources
2024-05-30 15:13:38,663 [Worker-159] INFO  o.e.m.c.i.embedder.EclipseLogger - Using 'UTF-8' encoding to copy filtered resources.
2024-05-30 15:13:38,663 [Worker-159] INFO  o.e.m.c.i.embedder.EclipseLogger - skip non existing resourceDirectory C:\Users\Training1\Desktop\Assignment1\assignment1\src\test\resources
2024-05-30 15:16:30,387 [Worker-159] INFO  o.e.m.c.i.embedder.EclipseLogger - Using 'UTF-8' encoding to copy filtered resources.
2024-05-30 15:16:30,387 [Worker-159] INFO  o.e.m.c.i.embedder.EclipseLogger - skip non existing resourceDirectory C:\Users\Training1\Desktop\Assignment1\assignment1\src\main\resources
2024-05-30 15:16:30,387 [Worker-159] INFO  o.e.m.c.i.embedder.EclipseLogger - Using 'UTF-8' encoding to copy filtered resources.
2024-05-30 15:16:30,387 [Worker-159] INFO  o.e.m.c.i.embedder.EclipseLogger - skip non existing resourceDirectory C:\Users\Training1\Desktop\Assignment1\assignment1\src\test\resources
2024-05-30 15:18:51,256 [Worker-149] INFO  o.e.m.c.i.embedder.EclipseLogger - Using 'UTF-8' encoding to copy filtered resources.
2024-05-30 15:18:51,256 [Worker-149] INFO  o.e.m.c.i.embedder.EclipseLogger - skip non existing resourceDirectory C:\Users\Training1\Desktop\Assignment1\assignment1\src\main\resources
2024-05-30 15:18:51,256 [Worker-149] INFO  o.e.m.c.i.embedder.EclipseLogger - Using 'UTF-8' encoding to copy filtered resources.
2024-05-30 15:18:51,256 [Worker-149] INFO  o.e.m.c.i.embedder.EclipseLogger - skip non existing resourceDirectory C:\Users\Training1\Desktop\Assignment1\assignment1\src\test\resources
2024-05-30 15:19:50,714 [Worker-163] INFO  o.e.m.c.i.embedder.EclipseLogger - Using 'UTF-8' encoding to copy filtered resources.
2024-05-30 15:19:50,714 [Worker-163] INFO  o.e.m.c.i.embedder.EclipseLogger - skip non existing resourceDirectory C:\Users\Training1\Desktop\Assignment1\assignment1\src\main\resources
2024-05-30 15:19:50,714 [Worker-163] INFO  o.e.m.c.i.embedder.EclipseLogger - Using 'UTF-8' encoding to copy filtered resources.
2024-05-30 15:19:50,714 [Worker-163] INFO  o.e.m.c.i.embedder.EclipseLogger - skip non existing resourceDirectory C:\Users\Training1\Desktop\Assignment1\assignment1\src\test\resources
2024-05-30 15:22:25,326 [Worker-150] INFO  o.e.m.c.i.embedder.EclipseLogger - Using 'UTF-8' encoding to copy filtered resources.
2024-05-30 15:22:25,326 [Worker-150] INFO  o.e.m.c.i.embedder.EclipseLogger - skip non existing resourceDirectory C:\Users\Training1\Desktop\Assignment1\assignment1\src\main\resources
2024-05-30 15:22:25,326 [Worker-150] INFO  o.e.m.c.i.embedder.EclipseLogger - Using 'UTF-8' encoding to copy filtered resources.
2024-05-30 15:22:25,326 [Worker-150] INFO  o.e.m.c.i.embedder.EclipseLogger - skip non existing resourceDirectory C:\Users\Training1\Desktop\Assignment1\assignment1\src\test\resources
2024-05-30 15:22:33,289 [Worker-150] INFO  o.e.m.c.i.embedder.EclipseLogger - Using 'UTF-8' encoding to copy filtered resources.
2024-05-30 15:22:33,289 [Worker-150] INFO  o.e.m.c.i.embedder.EclipseLogger - skip non existing resourceDirectory C:\Users\Training1\Desktop\Assignment1\assignment1\src\main\resources
2024-05-30 15:22:33,305 [Worker-150] INFO  o.e.m.c.i.embedder.EclipseLogger - Using 'UTF-8' encoding to copy filtered resources.
2024-05-30 15:22:33,305 [Worker-150] INFO  o.e.m.c.i.embedder.EclipseLogger - skip non existing resourceDirectory C:\Users\Training1\Desktop\Assignment1\assignment1\src\test\resources
2024-05-30 15:22:38,481 [Worker-164] INFO  o.e.m.c.i.embedder.EclipseLogger - Using 'UTF-8' encoding to copy filtered resources.
2024-05-30 15:22:38,481 [Worker-164] INFO  o.e.m.c.i.embedder.EclipseLogger - skip non existing resourceDirectory C:\Users\Training1\Desktop\Assignment1\assignment1\src\main\resources
2024-05-30 15:22:38,481 [Worker-164] INFO  o.e.m.c.i.embedder.EclipseLogger - Using 'UTF-8' encoding to copy filtered resources.
2024-05-30 15:22:38,481 [Worker-164] INFO  o.e.m.c.i.embedder.EclipseLogger - skip non existing resourceDirectory C:\Users\Training1\Desktop\Assignment1\assignment1\src\test\resources
2024-05-30 15:23:52,368 [Worker-149] INFO  o.e.m.c.i.embedder.EclipseLogger - Using 'UTF-8' encoding to copy filtered resources.
2024-05-30 15:23:52,368 [Worker-149] INFO  o.e.m.c.i.embedder.EclipseLogger - skip non existing resourceDirectory C:\Users\Training1\Desktop\Assignment1\assignment1\src\main\resources
2024-05-30 15:23:52,368 [Worker-149] INFO  o.e.m.c.i.embedder.EclipseLogger - Using 'UTF-8' encoding to copy filtered resources.
2024-05-30 15:23:52,368 [Worker-149] INFO  o.e.m.c.i.embedder.EclipseLogger - skip non existing resourceDirectory C:\Users\Training1\Desktop\Assignment1\assignment1\src\test\resources
2024-05-30 15:24:06,186 [Worker-165] INFO  o.e.m.c.i.embedder.EclipseLogger - Using 'UTF-8' encoding to copy filtered resources.
2024-05-30 15:24:06,186 [Worker-165] INFO  o.e.m.c.i.embedder.EclipseLogger - skip non existing resourceDirectory C:\Users\Training1\Desktop\Assignment1\assignment1\src\main\resources
2024-05-30 15:24:06,186 [Worker-165] INFO  o.e.m.c.i.embedder.EclipseLogger - Using 'UTF-8' encoding to copy filtered resources.
2024-05-30 15:24:06,186 [Worker-165] INFO  o.e.m.c.i.embedder.EclipseLogger - skip non existing resourceDirectory C:\Users\Training1\Desktop\Assignment1\assignment1\src\test\resources
2024-05-30 15:24:25,955 [Worker-160] INFO  o.e.m.c.i.embedder.EclipseLogger - Using 'UTF-8' encoding to copy filtered resources.
2024-05-30 15:24:25,955 [Worker-160] INFO  o.e.m.c.i.embedder.EclipseLogger - skip non existing resourceDirectory C:\Users\Training1\Desktop\Assignment1\assignment1\src\main\resources
2024-05-30 15:24:25,955 [Worker-160] INFO  o.e.m.c.i.embedder.EclipseLogger - Using 'UTF-8' encoding to copy filtered resources.
2024-05-30 15:24:25,955 [Worker-160] INFO  o.e.m.c.i.embedder.EclipseLogger - skip non existing resourceDirectory C:\Users\Training1\Desktop\Assignment1\assignment1\src\test\resources
2024-05-30 15:24:59,021 [Worker-160] INFO  o.e.m.c.i.embedder.EclipseLogger - Using 'UTF-8' encoding to copy filtered resources.
2024-05-30 15:24:59,021 [Worker-160] INFO  o.e.m.c.i.embedder.EclipseLogger - skip non existing resourceDirectory C:\Users\Training1\Desktop\Assignment1\assignment1\src\main\resources
2024-05-30 15:24:59,021 [Worker-160] INFO  o.e.m.c.i.embedder.EclipseLogger - Using 'UTF-8' encoding to copy filtered resources.
2024-05-30 15:24:59,021 [Worker-160] INFO  o.e.m.c.i.embedder.EclipseLogger - skip non existing resourceDirectory C:\Users\Training1\Desktop\Assignment1\assignment1\src\test\resources
2024-05-30 15:25:50,617 [Worker-149] INFO  o.e.m.c.i.embedder.EclipseLogger - Using 'UTF-8' encoding to copy filtered resources.
2024-05-30 15:25:50,617 [Worker-149] INFO  o.e.m.c.i.embedder.EclipseLogger - skip non existing resourceDirectory C:\Users\Training1\Desktop\Assignment1\assignment1\src\main\resources
2024-05-30 15:25:50,617 [Worker-149] INFO  o.e.m.c.i.embedder.EclipseLogger - Using 'UTF-8' encoding to copy filtered resources.
2024-05-30 15:25:50,617 [Worker-149] INFO  o.e.m.c.i.embedder.EclipseLogger - skip non existing resourceDirectory C:\Users\Training1\Desktop\Assignment1\assignment1\src\test\resources
2024-05-30 15:26:04,935 [Worker-165] INFO  o.e.m.c.i.embedder.EclipseLogger - Using 'UTF-8' encoding to copy filtered resources.
2024-05-30 15:26:04,935 [Worker-165] INFO  o.e.m.c.i.embedder.EclipseLogger - skip non existing resourceDirectory C:\Users\Training1\Desktop\Assignment1\assignment1\src\main\resources
2024-05-30 15:26:04,935 [Worker-165] INFO  o.e.m.c.i.embedder.EclipseLogger - Using 'UTF-8' encoding to copy filtered resources.
2024-05-30 15:26:04,935 [Worker-165] INFO  o.e.m.c.i.embedder.EclipseLogger - skip non existing resourceDirectory C:\Users\Training1\Desktop\Assignment1\assignment1\src\test\resources
2024-05-30 15:26:28,549 [Worker-165] INFO  o.e.m.c.i.embedder.EclipseLogger - Using 'UTF-8' encoding to copy filtered resources.
2024-05-30 15:26:28,549 [Worker-165] INFO  o.e.m.c.i.embedder.EclipseLogger - skip non existing resourceDirectory C:\Users\Training1\Desktop\Assignment1\assignment1\src\main\resources
2024-05-30 15:26:28,565 [Worker-165] INFO  o.e.m.c.i.embedder.EclipseLogger - Using 'UTF-8' encoding to copy filtered resources.
2024-05-30 15:26:28,565 [Worker-165] INFO  o.e.m.c.i.embedder.EclipseLogger - skip non existing resourceDirectory C:\Users\Training1\Desktop\Assignment1\assignment1\src\test\resources
2024-05-30 15:27:13,586 [main] INFO  o.e.m2e.actions.ExecutePomAction - Creating new launch configuration
2024-05-30 15:27:19,374 [Worker-160] INFO  o.e.m.i.launch.MavenLaunchDelegate - C:\Users\Training1\Desktop\Assignment1\assignment1
2024-05-30 15:27:19,374 [Worker-160] INFO  o.e.m.i.launch.MavenLaunchDelegate -  mvn -B surefire:test
2024-05-30 15:28:09,656 [Worker-160] ERROR o.e.m.j.i.l.MavenLaunchConfigurationListener - Launch configuration assignment1 (6) references non-existing project assignment1.
org.eclipse.core.runtime.CoreException: Launch configuration assignment1 (6) references non-existing project assignment1.
	at org.eclipse.jdt.launching.JavaRuntime.abort(JavaRuntime.java:1691) ~[org.eclipse.jdt.launching_3.9.50.v20171009-0349.jar:na]
	at org.eclipse.jdt.launching.JavaRuntime.getJavaProject(JavaRuntime.java:1566) ~[org.eclipse.jdt.launching_3.9.50.v20171009-0349.jar:na]
	at org.eclipse.m2e.jdt.internal.launch.MavenLaunchConfigurationListener.updateLaunchConfiguration(MavenLaunchConfigurationListener.java:53) [org.eclipse.m2e.jdt_1.8.2.20171007-0217.jar:na]
	at org.eclipse.m2e.jdt.internal.launch.MavenLaunchConfigurationListener.launchConfigurationChanged(MavenLaunchConfigurationListener.java:38) [org.eclipse.m2e.jdt_1.8.2.20171007-0217.jar:na]
	at org.eclipse.debug.internal.core.LaunchManager$ConfigurationNotifier.run(LaunchManager.java:226) [org.eclipse.debug.core_3.11.0.v20170605-1534.jar:na]
	at org.eclipse.core.runtime.SafeRunner.run(SafeRunner.java:42) [org.eclipse.equinox.common_3.9.0.v20170207-1454.jar:na]
	at org.eclipse.debug.internal.core.LaunchManager$ConfigurationNotifier.notify(LaunchManager.java:207) [org.eclipse.debug.core_3.11.0.v20170605-1534.jar:na]
	at org.eclipse.debug.internal.core.LaunchConfigurationWorkingCopy.setDirty(LaunchConfigurationWorkingCopy.java:552) [org.eclipse.debug.core_3.11.0.v20170605-1534.jar:na]
	at org.eclipse.debug.internal.core.LaunchConfigurationWorkingCopy.setAttribute(LaunchConfigurationWorkingCopy.java:425) [org.eclipse.debug.core_3.11.0.v20170605-1534.jar:na]
	at org.eclipse.m2e.jdt.internal.launch.MavenRuntimeClasspathProvider.disable(MavenRuntimeClasspathProvider.java:309) [org.eclipse.m2e.jdt_1.8.2.20171007-0217.jar:na]
	at org.eclipse.m2e.jdt.internal.launch.MavenRuntimeClasspathProvider.disable(MavenRuntimeClasspathProvider.java:335) [org.eclipse.m2e.jdt_1.8.2.20171007-0217.jar:na]
	at org.eclipse.m2e.jdt.internal.launch.MavenLaunchConfigurationListener.mavenProjectChanged(MavenLaunchConfigurationListener.java:70) [org.eclipse.m2e.jdt_1.8.2.20171007-0217.jar:na]
	at org.eclipse.m2e.core.internal.project.registry.ProjectRegistryManager.notifyProjectChangeListeners(ProjectRegistryManager.java:783) [org.eclipse.m2e.core_1.8.2.20171007-0217.jar:na]
	at org.eclipse.m2e.core.internal.project.registry.ProjectRegistryManager.applyMutableProjectRegistry(ProjectRegistryManager.java:930) [org.eclipse.m2e.core_1.8.2.20171007-0217.jar:na]
	at org.eclipse.m2e.core.internal.project.registry.ProjectRegistryRefreshJob$1.call(ProjectRegistryRefreshJob.java:98) [org.eclipse.m2e.core_1.8.2.20171007-0217.jar:na]
	at org.eclipse.m2e.core.internal.project.registry.ProjectRegistryRefreshJob$1.call(ProjectRegistryRefreshJob.java:1) [org.eclipse.m2e.core_1.8.2.20171007-0217.jar:na]
	at org.eclipse.m2e.core.internal.embedder.MavenExecutionContext.executeBare(MavenExecutionContext.java:177) [org.eclipse.m2e.core_1.8.2.20171007-0217.jar:na]
	at org.eclipse.m2e.core.internal.embedder.MavenExecutionContext.execute(MavenExecutionContext.java:151) [org.eclipse.m2e.core_1.8.2.20171007-0217.jar:na]
	at org.eclipse.m2e.core.internal.embedder.MavenExecutionContext.execute(MavenExecutionContext.java:99) [org.eclipse.m2e.core_1.8.2.20171007-0217.jar:na]
	at org.eclipse.m2e.core.internal.embedder.MavenImpl.execute(MavenImpl.java:1355) [org.eclipse.m2e.core_1.8.2.20171007-0217.jar:na]
	at org.eclipse.m2e.core.internal.project.registry.ProjectRegistryRefreshJob.run(ProjectRegistryRefreshJob.java:81) [org.eclipse.m2e.core_1.8.2.20171007-0217.jar:na]
	at org.eclipse.core.internal.jobs.Worker.run(Worker.java:56) [org.eclipse.core.jobs_3.9.1.v20170714-0547.jar:na]
2024-05-30 15:28:09,656 [Worker-160] ERROR o.e.m.j.i.l.MavenLaunchConfigurationListener - Launch configuration assignment1 (6) references non-existing project assignment1.
org.eclipse.core.runtime.CoreException: Launch configuration assignment1 (6) references non-existing project assignment1.
	at org.eclipse.jdt.launching.JavaRuntime.abort(JavaRuntime.java:1691) ~[org.eclipse.jdt.launching_3.9.50.v20171009-0349.jar:na]
	at org.eclipse.jdt.launching.JavaRuntime.getJavaProject(JavaRuntime.java:1566) ~[org.eclipse.jdt.launching_3.9.50.v20171009-0349.jar:na]
	at org.eclipse.m2e.jdt.internal.launch.MavenLaunchConfigurationListener.updateLaunchConfiguration(MavenLaunchConfigurationListener.java:53) [org.eclipse.m2e.jdt_1.8.2.20171007-0217.jar:na]
	at org.eclipse.m2e.jdt.internal.launch.MavenLaunchConfigurationListener.launchConfigurationChanged(MavenLaunchConfigurationListener.java:38) [org.eclipse.m2e.jdt_1.8.2.20171007-0217.jar:na]
	at org.eclipse.debug.internal.core.LaunchManager$ConfigurationNotifier.run(LaunchManager.java:226) [org.eclipse.debug.core_3.11.0.v20170605-1534.jar:na]
	at org.eclipse.core.runtime.SafeRunner.run(SafeRunner.java:42) [org.eclipse.equinox.common_3.9.0.v20170207-1454.jar:na]
	at org.eclipse.debug.internal.core.LaunchManager$ConfigurationNotifier.notify(LaunchManager.java:207) [org.eclipse.debug.core_3.11.0.v20170605-1534.jar:na]
	at org.eclipse.debug.internal.core.LaunchConfigurationWorkingCopy.setDirty(LaunchConfigurationWorkingCopy.java:552) [org.eclipse.debug.core_3.11.0.v20170605-1534.jar:na]
	at org.eclipse.debug.internal.core.LaunchConfigurationWorkingCopy.setAttribute(LaunchConfigurationWorkingCopy.java:425) [org.eclipse.debug.core_3.11.0.v20170605-1534.jar:na]
	at org.eclipse.m2e.jdt.internal.launch.MavenRuntimeClasspathProvider.disable(MavenRuntimeClasspathProvider.java:310) [org.eclipse.m2e.jdt_1.8.2.20171007-0217.jar:na]
	at org.eclipse.m2e.jdt.internal.launch.MavenRuntimeClasspathProvider.disable(MavenRuntimeClasspathProvider.java:335) [org.eclipse.m2e.jdt_1.8.2.20171007-0217.jar:na]
	at org.eclipse.m2e.jdt.internal.launch.MavenLaunchConfigurationListener.mavenProjectChanged(MavenLaunchConfigurationListener.java:70) [org.eclipse.m2e.jdt_1.8.2.20171007-0217.jar:na]
	at org.eclipse.m2e.core.internal.project.registry.ProjectRegistryManager.notifyProjectChangeListeners(ProjectRegistryManager.java:783) [org.eclipse.m2e.core_1.8.2.20171007-0217.jar:na]
	at org.eclipse.m2e.core.internal.project.registry.ProjectRegistryManager.applyMutableProjectRegistry(ProjectRegistryManager.java:930) [org.eclipse.m2e.core_1.8.2.20171007-0217.jar:na]
	at org.eclipse.m2e.core.internal.project.registry.ProjectRegistryRefreshJob$1.call(ProjectRegistryRefreshJob.java:98) [org.eclipse.m2e.core_1.8.2.20171007-0217.jar:na]
	at org.eclipse.m2e.core.internal.project.registry.ProjectRegistryRefreshJob$1.call(ProjectRegistryRefreshJob.java:1) [org.eclipse.m2e.core_1.8.2.20171007-0217.jar:na]
	at org.eclipse.m2e.core.internal.embedder.MavenExecutionContext.executeBare(MavenExecutionContext.java:177) [org.eclipse.m2e.core_1.8.2.20171007-0217.jar:na]
	at org.eclipse.m2e.core.internal.embedder.MavenExecutionContext.execute(MavenExecutionContext.java:151) [org.eclipse.m2e.core_1.8.2.20171007-0217.jar:na]
	at org.eclipse.m2e.core.internal.embedder.MavenExecutionContext.execute(MavenExecutionContext.java:99) [org.eclipse.m2e.core_1.8.2.20171007-0217.jar:na]
	at org.eclipse.m2e.core.internal.embedder.MavenImpl.execute(MavenImpl.java:1355) [org.eclipse.m2e.core_1.8.2.20171007-0217.jar:na]
	at org.eclipse.m2e.core.internal.project.registry.ProjectRegistryRefreshJob.run(ProjectRegistryRefreshJob.java:81) [org.eclipse.m2e.core_1.8.2.20171007-0217.jar:na]
	at org.eclipse.core.internal.jobs.Worker.run(Worker.java:56) [org.eclipse.core.jobs_3.9.1.v20170714-0547.jar:na]
2024-05-30 15:28:09,672 [Worker-160] ERROR o.e.m.j.i.l.MavenLaunchConfigurationListener - Launch configuration assignment1 (6) references non-existing project assignment1.
org.eclipse.core.runtime.CoreException: Launch configuration assignment1 (6) references non-existing project assignment1.
	at org.eclipse.jdt.launching.JavaRuntime.abort(JavaRuntime.java:1691) ~[org.eclipse.jdt.launching_3.9.50.v20171009-0349.jar:na]
	at org.eclipse.jdt.launching.JavaRuntime.getJavaProject(JavaRuntime.java:1566) ~[org.eclipse.jdt.launching_3.9.50.v20171009-0349.jar:na]
	at org.eclipse.m2e.jdt.internal.launch.MavenLaunchConfigurationListener.updateLaunchConfiguration(MavenLaunchConfigurationListener.java:53) [org.eclipse.m2e.jdt_1.8.2.20171007-0217.jar:na]
	at org.eclipse.m2e.jdt.internal.launch.MavenLaunchConfigurationListener.launchConfigurationChanged(MavenLaunchConfigurationListener.java:38) [org.eclipse.m2e.jdt_1.8.2.20171007-0217.jar:na]
	at org.eclipse.debug.internal.core.LaunchManager$ConfigurationNotifier.run(LaunchManager.java:226) [org.eclipse.debug.core_3.11.0.v20170605-1534.jar:na]
	at org.eclipse.core.runtime.SafeRunner.run(SafeRunner.java:42) [org.eclipse.equinox.common_3.9.0.v20170207-1454.jar:na]
	at org.eclipse.debug.internal.core.LaunchManager$ConfigurationNotifier.notify(LaunchManager.java:207) [org.eclipse.debug.core_3.11.0.v20170605-1534.jar:na]
	at org.eclipse.debug.internal.core.LaunchManager.launchConfigurationChanged(LaunchManager.java:2166) [org.eclipse.debug.core_3.11.0.v20170605-1534.jar:na]
	at org.eclipse.debug.internal.core.LaunchConfigurationWorkingCopy.writeNewFile(LaunchConfigurationWorkingCopy.java:384) [org.eclipse.debug.core_3.11.0.v20170605-1534.jar:na]
	at org.eclipse.debug.internal.core.LaunchConfigurationWorkingCopy.doSave0(LaunchConfigurationWorkingCopy.java:250) [org.eclipse.debug.core_3.11.0.v20170605-1534.jar:na]
	at org.eclipse.debug.internal.core.LaunchConfigurationWorkingCopy.doSave(LaunchConfigurationWorkingCopy.java:220) [org.eclipse.debug.core_3.11.0.v20170605-1534.jar:na]
	at org.eclipse.debug.internal.core.LaunchConfigurationWorkingCopy.doSave(LaunchConfigurationWorkingCopy.java:173) [org.eclipse.debug.core_3.11.0.v20170605-1534.jar:na]
	at org.eclipse.m2e.jdt.internal.launch.MavenRuntimeClasspathProvider.disable(MavenRuntimeClasspathProvider.java:311) [org.eclipse.m2e.jdt_1.8.2.20171007-0217.jar:na]
	at org.eclipse.m2e.jdt.internal.launch.MavenRuntimeClasspathProvider.disable(MavenRuntimeClasspathProvider.java:335) [org.eclipse.m2e.jdt_1.8.2.20171007-0217.jar:na]
	at org.eclipse.m2e.jdt.internal.launch.MavenLaunchConfigurationListener.mavenProjectChanged(MavenLaunchConfigurationListener.java:70) [org.eclipse.m2e.jdt_1.8.2.20171007-0217.jar:na]
	at org.eclipse.m2e.core.internal.project.registry.ProjectRegistryManager.notifyProjectChangeListeners(ProjectRegistryManager.java:783) [org.eclipse.m2e.core_1.8.2.20171007-0217.jar:na]
	at org.eclipse.m2e.core.internal.project.registry.ProjectRegistryManager.applyMutableProjectRegistry(ProjectRegistryManager.java:930) [org.eclipse.m2e.core_1.8.2.20171007-0217.jar:na]
	at org.eclipse.m2e.core.internal.project.registry.ProjectRegistryRefreshJob$1.call(ProjectRegistryRefreshJob.java:98) [org.eclipse.m2e.core_1.8.2.20171007-0217.jar:na]
	at org.eclipse.m2e.core.internal.project.registry.ProjectRegistryRefreshJob$1.call(ProjectRegistryRefreshJob.java:1) [org.eclipse.m2e.core_1.8.2.20171007-0217.jar:na]
	at org.eclipse.m2e.core.internal.embedder.MavenExecutionContext.executeBare(MavenExecutionContext.java:177) [org.eclipse.m2e.core_1.8.2.20171007-0217.jar:na]
	at org.eclipse.m2e.core.internal.embedder.MavenExecutionContext.execute(MavenExecutionContext.java:151) [org.eclipse.m2e.core_1.8.2.20171007-0217.jar:na]
	at org.eclipse.m2e.core.internal.embedder.MavenExecutionContext.execute(MavenExecutionContext.java:99) [org.eclipse.m2e.core_1.8.2.20171007-0217.jar:na]
	at org.eclipse.m2e.core.internal.embedder.MavenImpl.execute(MavenImpl.java:1355) [org.eclipse.m2e.core_1.8.2.20171007-0217.jar:na]
	at org.eclipse.m2e.core.internal.project.registry.ProjectRegistryRefreshJob.run(ProjectRegistryRefreshJob.java:81) [org.eclipse.m2e.core_1.8.2.20171007-0217.jar:na]
	at org.eclipse.core.internal.jobs.Worker.run(Worker.java:56) [org.eclipse.core.jobs_3.9.1.v20170714-0547.jar:na]
